Removed Pin From Net: NetName=GND Pin=C1-1
Removed Pin From Net: NetName=NetC1_2 Pin=C1-2
Removed Pin From Net: NetName=GND Pin=C5-1
Removed Pin From Net: NetName=NetC4_2 Pin=C5-2
Removed Pin From Net: NetName=GND Pin=C14-1
Removed Pin From Net: NetName=GND Pin=C15-1
Removed Pin From Net: NetName=GND Pin=C16-1
Removed Pin From Net: NetName=GND Pin=C17-1
Removed Pin From Net: NetName=VCC Pin=C18-1
Removed Pin From Net: NetName=GND Pin=C18-2
Removed Pin From Net: NetName=GND Pin=C19-1
Removed Pin From Net: NetName=VCC Pin=C19-2
Removed Pin From Net: NetName=GND Pin=C20-1
Removed Pin From Net: NetName=GND Pin=C22-1
Removed Pin From Net: NetName=NetC4_2 Pin=C22-2
Removed Pin From Net: NetName=GND Pin=C23-1
Removed Pin From Net: NetName=GND Pin=C24-1
Removed Pin From Net: NetName=GND Pin=C26-1
Removed Pin From Net: NetName=GND Pin=C27-1
Removed Pin From Net: NetName=GND Pin=C33-1
Removed Pin From Net: NetName=GND Pin=C34-1
Removed Pin From Net: NetName=GND Pin=D13-1
Removed Pin From Net: NetName=GND Pin=D15-2
Removed Pin From Net: NetName=GND Pin=J2-3
Removed Pin From Net: NetName=NetC11_2 Pin=J2-7
Removed Pin From Net: NetName=GND Pin=J2-13
Removed Pin From Net: NetName=GND Pin=J2-15
Removed Pin From Net: NetName=GND Pin=J2-16
Removed Pin From Net: NetName=GND Pin=J2-17
Removed Pin From Net: NetName=GND Pin=J2-18
Removed Pin From Net: NetName=GND Pin=J2-24
Removed Pin From Net: NetName=GND Pin=J2-25
Removed Pin From Net: NetName=GND Pin=J2-32
Removed Pin From Net: NetName=GND Pin=J2-34
Removed Pin From Net: NetName=NetC4_2 Pin=J2-44
Removed Pin From Net: NetName=GND Pin=J2-46
Removed Pin From Net: NetName=VCC Pin=L2-1
Removed Pin From Net: NetName=VCC Pin=Q4-3
Removed Pin From Net: NetName=GND Pin=Q9-1
Removed Pin From Net: NetName=GND Pin=R10-1
Removed Pin From Net: NetName=GND Pin=R22-1
Removed Pin From Net: NetName=NetC4_2 Pin=R25-2
Removed Pin From Net: NetName=GND Pin=R30-1
Removed Pin From Net: NetName=GND Pin=R31-2
Removed Pin From Net: NetName=GND Pin=R33-1
Removed Pin From Net: NetName=NetJ2_12 Pin=R34-1
Removed Pin From Net: NetName=GND Pin=R35-1
Removed Pin From Net: NetName=NetJ2_12 Pin=R35-2
Removed Pin From Net: NetName=GND Pin=R36-2
Removed Pin From Net: NetName=NetC4_2 Pin=R37-1
Removed Pin From Net: NetName=NetC1_2 Pin=R38-1
Removed Pin From Net: NetName=GND Pin=R52-1
Removed Pin From Net: NetName=NetJ2_37 Pin=U1-6
Removed Pin From Net: NetName=NetJ2_29 Pin=U1-12
Removed Pin From Net: NetName=GND Pin=U7-2
Removed Pin From Net: NetName=GND Pin=U8-2
Removed Pin From Net: NetName=VCC Pin=U8-4
Removed Pin From Net: NetName=VCC Pin=U8-5
Removed Member From Class: ClassName=TFT-ES32-V1.1 Member=C1
Removed Member From Class: ClassName=TFT-ES32-V1.1 Member=C5
Removed Member From Class: ClassName=TFT-ES32-V1.1 Member=C14
Removed Member From Class: ClassName=TFT-ES32-V1.1 Member=C15
Removed Member From Class: ClassName=TFT-ES32-V1.1 Member=C16
Removed Member From Class: ClassName=TFT-ES32-V1.1 Member=C17
Removed Member From Class: ClassName=TFT-ES32-V1.1 Member=C18
Removed Member From Class: ClassName=TFT-ES32-V1.1 Member=C19
Removed Member From Class: ClassName=TFT-ES32-V1.1 Member=C20
Removed Member From Class: ClassName=TFT-ES32-V1.1 Member=C22
Removed Member From Class: ClassName=TFT-ES32-V1.1 Member=C23
Removed Member From Class: ClassName=TFT-ES32-V1.1 Member=C24
Removed Member From Class: ClassName=TFT-ES32-V1.1 Member=C25
Removed Member From Class: ClassName=TFT-ES32-V1.1 Member=C26
Removed Member From Class: ClassName=TFT-ES32-V1.1 Member=C27
Removed Member From Class: ClassName=TFT-ES32-V1.1 Member=C29
Removed Member From Class: ClassName=TFT-ES32-V1.1 Member=C33
Removed Member From Class: ClassName=TFT-ES32-V1.1 Member=C34
Removed Member From Class: ClassName=TFT-ES32-V1.1 Member=D6
Removed Member From Class: ClassName=TFT-ES32-V1.1 Member=D9
Removed Member From Class: ClassName=TFT-ES32-V1.1 Member=D13
Removed Member From Class: ClassName=TFT-ES32-V1.1 Member=D15
Removed Member From Class: ClassName=TFT-ES32-V1.1 Member=L1
Removed Member From Class: ClassName=TFT-ES32-V1.1 Member=L2
Removed Member From Class: ClassName=TFT-ES32-V1.1 Member=Q6
Removed Member From Class: ClassName=TFT-ES32-V1.1 Member=Q9
Removed Member From Class: ClassName=TFT-ES32-V1.1 Member=R10
Removed Member From Class: ClassName=TFT-ES32-V1.1 Member=R12
Removed Member From Class: ClassName=TFT-ES32-V1.1 Member=R22
Removed Member From Class: ClassName=TFT-ES32-V1.1 Member=R25
Removed Member From Class: ClassName=TFT-ES32-V1.1 Member=R26
Removed Member From Class: ClassName=TFT-ES32-V1.1 Member=R27
Removed Member From Class: ClassName=TFT-ES32-V1.1 Member=R30
Removed Member From Class: ClassName=TFT-ES32-V1.1 Member=R31
Removed Member From Class: ClassName=TFT-ES32-V1.1 Member=R32
Removed Member From Class: ClassName=TFT-ES32-V1.1 Member=R33
Removed Member From Class: ClassName=TFT-ES32-V1.1 Member=R34
Removed Member From Class: ClassName=TFT-ES32-V1.1 Member=R35
Removed Member From Class: ClassName=TFT-ES32-V1.1 Member=R36
Removed Member From Class: ClassName=TFT-ES32-V1.1 Member=R37
Removed Member From Class: ClassName=TFT-ES32-V1.1 Member=R38
Removed Member From Class: ClassName=TFT-ES32-V1.1 Member=R39
Removed Member From Class: ClassName=TFT-ES32-V1.1 Member=R50
Removed Member From Class: ClassName=TFT-ES32-V1.1 Member=R52
Removed Member From Class: ClassName=TFT-ES32-V1.1 Member=U7
Removed Member From Class: ClassName=TFT-ES32-V1.1 Member=U8
Change Component Footprint: Designator=J2 Old Footprint=AMPHENOL_F32D-1A7Y1-21050 New Footprint=SAMTEC_BCS-120-F-D-TE
Change Component Comment : Designator=J2 Old Comment=F32D-1A7Y1-21050 New Comment=BCS-120-F-D-TE
Change component parameters: Designator = "J2"; Footprint = "SAMTEC_BCS-120-F-D-TE"; UniqueID = "\FBTEQBIL"
Change component parameters. Clean all parameters for all variants
Added Component: Designator=C40(C_0805-3D)
Add component. Clean all parameters for all variants
Added Component: Designator=C41(C_0805-3D)
Add component. Clean all parameters for all variants
Added Component: Designator=C42(C_0805-3D)
Add component. Clean all parameters for all variants
Added Component: Designator=C43(C_0805-3D)
Add component. Clean all parameters for all variants
Added Component: Designator=U17(SOT229P700X180-4N)
Add component. Clean all parameters for all variants
Add component (AddParameter): Name = "MF"; Value = "SOT-223"; VariantName = "[No Variations]"
Add component (AddParameter): Name = "MP"; Value = "AMS1117"; VariantName = "[No Variations]"
Added Pin To Net: NetName=VCC Pin=C40-1
Added Pin To Net: NetName=GND Pin=C40-2
Added Pin To Net: NetName=GND Pin=C41-1
Added Pin To Net: NetName=VCC Pin=C41-2
Added Pin To Net: NetName=GND Pin=C42-2
Added Pin To Net: NetName=GND Pin=C43-1
Added Pin To Net: NetName=NetC11_2 Pin=J1-6
Added Pin To Net: NetName=GND Pin=J2-01
Added Pin To Net: NetName=NetJ2_12 Pin=U1-25
Added Pin To Net: NetName=NetJ2_29 Pin=U1-29
Added Pin To Net: NetName=GND Pin=U17-1
Added Pin To Net: NetName=VCC Pin=U17-3
Change Net Name : Old Net Name=NetC1_2 New Net Name=NetC21_2
Added Pin To Net: NetName=NetC42_1 Pin=C42-1
Added Pin To Net: NetName=NetC42_1 Pin=C43-2
Added Pin To Net: NetName=NetC42_1 Pin=Q4-3
Added Pin To Net: NetName=NetC42_1 Pin=U17-2
Added Pin To Net: NetName=NetC42_1 Pin=U17-4
Added Net: Name=NetC42_1
Added Pin To Net: NetName=NetJ2_02 Pin=J2-02
Added Pin To Net: NetName=NetJ2_02 Pin=U1-16
Added Net: Name=NetJ2_02
Added Pin To Net: NetName=NetJ2_03 Pin=J2-03
Added Pin To Net: NetName=NetJ2_03 Pin=Q4-2
Added Pin To Net: NetName=NetJ2_03 Pin=Q4-4
Added Net: Name=NetJ2_03
Added Pin To Net: NetName=NetJ2_04 Pin=J2-04
Added Pin To Net: NetName=NetJ2_04 Pin=U1-17
Added Net: Name=NetJ2_04
Added Pin To Net: NetName=NetJ2_05 Pin=J2-05
Added Pin To Net: NetName=NetJ2_05 Pin=U1-30
Added Net: Name=NetJ2_05
Added Pin To Net: NetName=NetJ2_06 Pin=J2-06
Added Pin To Net: NetName=NetJ2_06 Pin=U1-22
Added Net: Name=NetJ2_06
Added Pin To Net: NetName=NetJ2_07 Pin=J2-07
Added Pin To Net: NetName=NetJ2_07 Pin=U1-33
Added Net: Name=NetJ2_07
Added Pin To Net: NetName=NetJ2_08 Pin=J2-08
Added Pin To Net: NetName=NetJ2_08 Pin=U1-23
Added Net: Name=NetJ2_08
Added Pin To Net: NetName=NetJ2_09 Pin=J2-09
Added Pin To Net: NetName=NetJ2_09 Pin=U1-34
Added Net: Name=NetJ2_09
Added Pin To Net: NetName=NetJ2_10 Pin=J2-10
Added Pin To Net: NetName=NetJ2_10 Pin=U1-24
Added Net: Name=NetJ2_10
Added Pin To Net: NetName=NetJ2_14 Pin=J2-14
Added Pin To Net: NetName=NetJ2_14 Pin=U1-26
Added Net: Name=NetJ2_14
Added Pin To Net: NetName=NetJ2_16 Pin=J2-16
Added Pin To Net: NetName=NetJ2_16 Pin=U1-28
Added Net: Name=NetJ2_16
Added Pin To Net: NetName=NetJ2_33 Pin=J2-33
Added Pin To Net: NetName=NetJ2_33 Pin=U1-32
Added Net: Name=NetJ2_33
Added Member To Class: ClassName=TFT-ES32-V1.1 Member=Component C40 47uF
Added Member To Class: ClassName=TFT-ES32-V1.1 Member=Component C41 100nF
Added Member To Class: ClassName=TFT-ES32-V1.1 Member=Component C42 47uF
Added Member To Class: ClassName=TFT-ES32-V1.1 Member=Component C43 100nF
Added Member To Class: ClassName=TFT-ES32-V1.1 Member=Component U17 AMS1117
Added Room: Name=TFT-ES32-V1.1
