Change Component Designator: Old Designator=C2 New Designator=C37
Change Component Designator: Old Designator=C3 New Designator=C40
Change Component Designator: Old Designator=C4 New Designator=C8
Change Component Designator: Old Designator=C6 New Designator=C39
Change Component Designator: Old Designator=C7 New Designator=C41
Change Component Designator: Old Designator=C8 New Designator=C21
Change Component Designator: Old Designator=C9 New Designator=C22
Change Component Designator: Old Designator=C10 New Designator=C24
Change Component Designator: Old Designator=C11 New Designator=C19
Change Component Designator: Old Designator=C12 New Designator=C23
Change Component Designator: Old Designator=C13 New Designator=C7
Change Component Designator: Old Designator=C21 New Designator=C20
Change Component Designator: Old Designator=C28 New Designator=C53
Change Component Designator: Old Designator=C30 New Designator=C54
Change Component Designator: Old Designator=C31 New Designator=C13
Change Component Designator: Old Designator=C32 New Designator=C12
Change Component Designator: Old Designator=C40 New Designator=C15
Change Component Designator: Old Designator=C41 New Designator=C18
Change Component Designator: Old Designator=C42 New Designator=C16
Change Component Designator: Old Designator=C43 New Designator=C17
Change Component Designator: Old Designator=C50 New Designator=C4
Change Component Designator: Old Designator=C51 New Designator=C5
Change Component Designator: Old Designator=C52 New Designator=C6
Change Component Designator: Old Designator=C53 New Designator=C2
Change Component Designator: Old Designator=C55 New Designator=C3
Change Component Designator: Old Designator=C56 New Designator=C9
Change Component Designator: Old Designator=C57 New Designator=C14
Change Component Designator: Old Designator=C60 New Designator=C1
Change Component Designator: Old Designator=C61 New Designator=C11
Change Component Designator: Old Designator=C62 New Designator=C10
Change Component Designator: Old Designator=C90 New Designator=C27
Change Component Designator: Old Designator=C91 New Designator=C26
Change Component Designator: Old Designator=C? New Designator=C25
Change Component Designator: Old Designator=C? New Designator=C28
Change Component Designator: Old Designator=C? New Designator=C29
Change Component Designator: Old Designator=C? New Designator=C30
Change Component Designator: Old Designator=C? New Designator=C31
Change Component Designator: Old Designator=C? New Designator=C32
Change Component Designator: Old Designator=C? New Designator=C33
Change Component Designator: Old Designator=C? New Designator=C34
Change Component Designator: Old Designator=C? New Designator=C35
Change Component Designator: Old Designator=C? New Designator=C36
Change Component Designator: Old Designator=C? New Designator=C38
Change Component Designator: Old Designator=C? New Designator=C42
Change Component Designator: Old Designator=C? New Designator=C43
Change Component Designator: Old Designator=C? New Designator=C44
Change Component Designator: Old Designator=C? New Designator=C45
Change Component Designator: Old Designator=C? New Designator=C46
Change Component Designator: Old Designator=C? New Designator=C47
Change Component Designator: Old Designator=C? New Designator=C48
Change Component Designator: Old Designator=C? New Designator=C49
Change Component Designator: Old Designator=C? New Designator=C50
Change Component Designator: Old Designator=C? New Designator=C51
Change Component Designator: Old Designator=C? New Designator=C52
Change Component Designator: Old Designator=C? New Designator=C55
Change Component Designator: Old Designator=D2 New Designator=D9
Change Component Designator: Old Designator=D3 New Designator=D10
Change Component Designator: Old Designator=D4 New Designator=D7
Change Component Designator: Old Designator=D5 New Designator=D2
Change Component Designator: Old Designator=D7 New Designator=D8
Change Component Designator: Old Designator=D8 New Designator=D12
Change Component Designator: Old Designator=D10 New Designator=D13
Change Component Designator: Old Designator=D11 New Designator=D4
Change Component Designator: Old Designator=D12 New Designator=D11
Change Component Designator: Old Designator=D16 New Designator=D15
Change Component Designator: Old Designator=D20 New Designator=D3
Change Component Designator: Old Designator=D? New Designator=D5
Change Component Designator: Old Designator=D? New Designator=D6
Change Component Designator: Old Designator=FLASH New Designator=FLASH1
Change Component Designator: Old Designator=J1 New Designator=J4
Change Component Designator: Old Designator=J2 New Designator=J3
Change Component Designator: Old Designator=J3 New Designator=J6
Change Component Designator: Old Designator=J4 New Designator=J8
Change Component Designator: Old Designator=J5 New Designator=J13
Change Component Designator: Old Designator=J6 New Designator=J12
Change Component Designator: Old Designator=J7 New Designator=J1
Change Component Designator: Old Designator=J8 New Designator=J5
Change Component Designator: Old Designator=J9 New Designator=J2
Change Component Designator: Old Designator=J10 New Designator=J9
Change Component Designator: Old Designator=J15 New Designator=J7
Change Component Designator: Old Designator=J16 New Designator=J10
Change Component Designator: Old Designator=L10 New Designator=L2
Change Component Designator: Old Designator=L11 New Designator=L1
Change Component Designator: Old Designator=Q3 New Designator=Q7
Change Component Designator: Old Designator=Q5 New Designator=Q6
Change Component Designator: Old Designator=Q7 New Designator=Q5
Change Component Designator: Old Designator=Q10 New Designator=Q3
Change Component Designator: Old Designator=R2 New Designator=R6
Change Component Designator: Old Designator=R3 New Designator=R18
Change Component Designator: Old Designator=R4 New Designator=R19
Change Component Designator: Old Designator=R5 New Designator=R21
Change Component Designator: Old Designator=R6 New Designator=R24
Change Component Designator: Old Designator=R7 New Designator=R11
Change Component Designator: Old Designator=R8 New Designator=R32
Change Component Designator: Old Designator=R9 New Designator=R13
Change Component Designator: Old Designator=R11 New Designator=R48
Change Component Designator: Old Designator=R13 New Designator=R25
Change Component Designator: Old Designator=R14 New Designator=R26
Change Component Designator: Old Designator=R15 New Designator=R29
Change Component Designator: Old Designator=R16 New Designator=R30
Change Component Designator: Old Designator=R17 New Designator=R34
Change Component Designator: Old Designator=R18 New Designator=R7
Change Component Designator: Old Designator=R19 New Designator=R35
Change Component Designator: Old Designator=R20 New Designator=R36
Change Component Designator: Old Designator=R21 New Designator=R37
Change Component Designator: Old Designator=R23 New Designator=R38
Change Component Designator: Old Designator=R24 New Designator=R14
Change Component Designator: Old Designator=R28 New Designator=R15
Change Component Designator: Old Designator=R29 New Designator=R16
Change Component Designator: Old Designator=R40 New Designator=R39
Change Component Designator: Old Designator=R41 New Designator=R40
Change Component Designator: Old Designator=R42 New Designator=R41
Change Component Designator: Old Designator=R43 New Designator=R9
Change Component Designator: Old Designator=R44 New Designator=R10
Change Component Designator: Old Designator=R45 New Designator=R5
Change Component Designator: Old Designator=R46 New Designator=R2
Change Component Designator: Old Designator=R47 New Designator=R8
Change Component Designator: Old Designator=R48 New Designator=R3
Change Component Designator: Old Designator=R49 New Designator=R42
Change Component Designator: Old Designator=R51 New Designator=R46
Change Component Designator: Old Designator=R53 New Designator=R4
Change Component Designator: Old Designator=R54 New Designator=R12
Change Component Designator: Old Designator=R90 New Designator=R17
Change Component Designator: Old Designator=R? New Designator=R20
Change Component Designator: Old Designator=R? New Designator=R22
Change Component Designator: Old Designator=R? New Designator=R23
Change Component Designator: Old Designator=R? New Designator=R27
Change Component Designator: Old Designator=R? New Designator=R28
Change Component Designator: Old Designator=R? New Designator=R31
Change Component Designator: Old Designator=R? New Designator=R33
Change Component Designator: Old Designator=R? New Designator=R43
Change Component Designator: Old Designator=R? New Designator=R44
Change Component Designator: Old Designator=R? New Designator=R45
Change Component Designator: Old Designator=R? New Designator=R47
Change Component Designator: Old Designator=R? New Designator=R49
Change Component Designator: Old Designator=RESET New Designator=RESET1
Change Component Designator: Old Designator=U1 New Designator=U3
Change Component Designator: Old Designator=U2 New Designator=U11
Change Component Designator: Old Designator=U4 New Designator=U13
Change Component Designator: Old Designator=U5 New Designator=U7
Change Component Designator: Old Designator=U6 New Designator=U2
Change Component Designator: Old Designator=U12 New Designator=U5
Change Component Designator: Old Designator=U13 New Designator=U1
Change Component Designator: Old Designator=U14 New Designator=U4
Change Component Designator: Old Designator=U15 New Designator=U10
Change Component Designator: Old Designator=U17 New Designator=U6
Change Component Designator: Old Designator=U18 New Designator=U9
Change Component Designator: Old Designator=U19 New Designator=U8
Change Component Designator: Old Designator=U20 New Designator=U12
