Added Component: Designator=C1(C_0805-3D)
Add component. Clean all parameters for all variants
Added Component: Designator=C2(C_0805-3D)
Add component. Clean all parameters for all variants
Added Component: Designator=C3(C_0805-3D)
Add component. Clean all parameters for all variants
Added Component: Designator=C4(C_0805-3D)
Add component. Clean all parameters for all variants
Added Component: Designator=C5(C_0805-3D)
Add component. Clean all parameters for all variants
Added Component: Designator=C6(C_0805-3D)
Add component. Clean all parameters for all variants
Added Component: Designator=C7(C_0805-3D)
Add component. Clean all parameters for all variants
Added Component: Designator=C8(C_0805-3D)
Add component. Clean all parameters for all variants
Added Component: Designator=C9(C_0805-3D)
Add component. Clean all parameters for all variants
Added Component: Designator=C10(C_0805-3D)
Add component. Clean all parameters for all variants
Added Component: Designator=C11(C_0805-3D)
Add component. Clean all parameters for all variants
Add component (AddParameter): Name = "tension"; Value = "10V"; VariantName = "[No Variations]"
Add component (AddParameter): Name = "tipo"; Value = "X7R"; VariantName = "[No Variations]"
Added Component: Designator=C12(C_0805-3D)
Add component. Clean all parameters for all variants
Added Component: Designator=C13(C_0805-3D)
Add component. Clean all parameters for all variants
Added Component: Designator=C14(C_0805-3D)
Add component. Clean all parameters for all variants
Add component (AddParameter): Name = "value"; Value = "22uF"; VariantName = "[No Variations]"
Added Component: Designator=C15(C_0805-3D)
Add component. Clean all parameters for all variants
Add component (AddParameter): Name = "value"; Value = "22uF"; VariantName = "[No Variations]"
Added Component: Designator=C16(C_0805-3D)
Add component. Clean all parameters for all variants
Add component (AddParameter): Name = "value"; Value = "22uF"; VariantName = "[No Variations]"
Added Component: Designator=C17(C_0805-3D)
Add component. Clean all parameters for all variants
Add component (AddParameter): Name = "value"; Value = "22uF"; VariantName = "[No Variations]"
Added Component: Designator=C18(C_0805-3D)
Add component. Clean all parameters for all variants
Add component (AddParameter): Name = "value"; Value = "22uF"; VariantName = "[No Variations]"
Added Component: Designator=C19(C_0805-3D)
Add component. Clean all parameters for all variants
Add component (AddParameter): Name = "value"; Value = "1uF"; VariantName = "[No Variations]"
Added Component: Designator=C20(C_0805-3D)
Add component. Clean all parameters for all variants
Add component (AddParameter): Name = "value"; Value = "22uF"; VariantName = "[No Variations]"
Added Component: Designator=C21(C_0805-3D)
Add component. Clean all parameters for all variants
Add component (AddParameter): Name = "tension"; Value = "10V"; VariantName = "[No Variations]"
Add component (AddParameter): Name = "tipo"; Value = "X7R"; VariantName = "[No Variations]"
Added Component: Designator=C22(C_0805-3D)
Add component. Clean all parameters for all variants
Added Component: Designator=C23(C_0805-3D)
Add component. Clean all parameters for all variants
Add component (AddParameter): Name = "value"; Value = "1uF"; VariantName = "[No Variations]"
Added Component: Designator=C24(C_0805-3D)
Add component. Clean all parameters for all variants
Add component (AddParameter): Name = "value"; Value = "100nF"; VariantName = "[No Variations]"
Added Component: Designator=C25(C_0805-3D)
Add component. Clean all parameters for all variants
Add component (AddParameter): Name = "value"; Value = "22uF"; VariantName = "[No Variations]"
Added Component: Designator=C26(C_0805-3D)
Add component. Clean all parameters for all variants
Add component (AddParameter): Name = "value"; Value = "22uF"; VariantName = "[No Variations]"
Added Component: Designator=C27(C_0805-3D)
Add component. Clean all parameters for all variants
Add component (AddParameter): Name = "value"; Value = "22uF"; VariantName = "[No Variations]"
Added Component: Designator=C28(C_0805-3D)
Add component. Clean all parameters for all variants
Added Component: Designator=C29(C_0805-3D)
Add component. Clean all parameters for all variants
Add component (AddParameter): Name = "value"; Value = "22uF"; VariantName = "[No Variations]"
Added Component: Designator=C30(C_0805-3D)
Add component. Clean all parameters for all variants
Added Component: Designator=C31(C_0805-3D)
Add component. Clean all parameters for all variants
Added Component: Designator=C32(C_0805-3D)
Add component. Clean all parameters for all variants
Added Component: Designator=C33(C_0805-3D)
Add component. Clean all parameters for all variants
Add component (AddParameter): Name = "value"; Value = "22uF"; VariantName = "[No Variations]"
Added Component: Designator=C34(C_0805-3D)
Add component. Clean all parameters for all variants
Add component (AddParameter): Name = "value"; Value = "22uF"; VariantName = "[No Variations]"
Added Component: Designator=C50(CAP_EEEFP1V221AV - duplicate)
Add component. Clean all parameters for all variants
Add component (AddParameter): Name = "max volt"; Value = "50V"; VariantName = "[No Variations]"
Added Component: Designator=C51(C_0805-3D)
Add component. Clean all parameters for all variants
Added Component: Designator=C52(C_0805-3D)
Add component. Clean all parameters for all variants
Added Component: Designator=C53(CAP_EEEFP1V221AV - duplicate)
Add component. Clean all parameters for all variants
Add component (AddParameter): Name = "max volt"; Value = "50V"; VariantName = "[No Variations]"
Added Component: Designator=C55(C_0805-3D)
Add component. Clean all parameters for all variants
Added Component: Designator=C57(CAP_EEEFP1V221AV - duplicate)
Add component. Clean all parameters for all variants
Add component (AddParameter): Name = "max volt"; Value = "35V"; VariantName = "[No Variations]"
Add component (AddParameter): Name = "value"; Value = "100nF"; VariantName = "[No Variations]"
Added Component: Designator=C60(C_0805-3D)
Add component. Clean all parameters for all variants
Added Component: Designator=C61(C_0805-3D)
Add component. Clean all parameters for all variants
Add component (AddParameter): Name = "value"; Value = "22pf"; VariantName = "[No Variations]"
Added Component: Designator=C62(C_0805-3D)
Add component. Clean all parameters for all variants
Add component (AddParameter): Name = "value"; Value = "22pf"; VariantName = "[No Variations]"
Added Component: Designator=C90(C_0805-3D)
Add component. Clean all parameters for all variants
Added Component: Designator=C91(C_0805-3D)
Add component. Clean all parameters for all variants
Added Component: Designator=D1(DIOM5436X247N)
Add component. Clean all parameters for all variants
Added Component: Designator=D2(D_0805-RED)
Add component. Clean all parameters for all variants
Added Component: Designator=D3(D_0805-GREEN)
Add component. Clean all parameters for all variants
Add component (AddParameter): Name = "value"; Value = "LTST-C171GKT"; VariantName = "[No Variations]"
Added Component: Designator=D4(SS56B-HF DO-214AA (SMB))
Add component. Clean all parameters for all variants
Add component (AddParameter): Name = "pakage"; Value = "DO-214AA (SMB)"; VariantName = "[No Variations]"
Add component (AddParameter): Name = "part number"; Value = "SS56B-HF"; VariantName = "[No Variations]"
Add component (AddParameter): Name = "value"; Value = "Diodo Schottky 60 V 5A"; VariantName = "[No Variations]"
Added Component: Designator=D5(DIOM5436X247N)
Add component. Clean all parameters for all variants
Added Component: Designator=D6(SS56B-HF DO-214AA (SMB))
Add component. Clean all parameters for all variants
Add component (AddParameter): Name = "pakage"; Value = "DO-214AA (SMB)"; VariantName = "[No Variations]"
Add component (AddParameter): Name = "part number"; Value = "SS56B-HF"; VariantName = "[No Variations]"
Add component (AddParameter): Name = "value"; Value = "Diodo Schottky 60 V 5A"; VariantName = "[No Variations]"
Added Component: Designator=D7(SS56B-HF DO-214AA (SMB))
Add component. Clean all parameters for all variants
Add component (AddParameter): Name = "pakage"; Value = "DO-214AA (SMB)"; VariantName = "[No Variations]"
Add component (AddParameter): Name = "part number"; Value = "SS56B-HF"; VariantName = "[No Variations]"
Add component (AddParameter): Name = "value"; Value = "Diodo Schottky 60 V 5A"; VariantName = "[No Variations]"
Added Component: Designator=D8(DIOM5436X247N)
Add component. Clean all parameters for all variants
Added Component: Designator=D9(SS56B-HF DO-214AA (SMB))
Add component. Clean all parameters for all variants
Add component (AddParameter): Name = "pakage"; Value = "DO-214AA (SMB)"; VariantName = "[No Variations]"
Add component (AddParameter): Name = "part number"; Value = "SS56B-HF"; VariantName = "[No Variations]"
Add component (AddParameter): Name = "value"; Value = "Diodo Schottky 60 V 5A"; VariantName = "[No Variations]"
Added Component: Designator=D10(DIOM5436X247N)
Add component. Clean all parameters for all variants
Added Component: Designator=D11(SS56B-HF DO-214AA (SMB))
Add component. Clean all parameters for all variants
Add component (AddParameter): Name = "pakage"; Value = "DO-214AA (SMB)"; VariantName = "[No Variations]"
Add component (AddParameter): Name = "part number"; Value = "SS56B-HF"; VariantName = "[No Variations]"
Add component (AddParameter): Name = "value"; Value = "Diodo Schottky 60 V 5A"; VariantName = "[No Variations]"
Added Component: Designator=D12(D_0805-GREEN)
Add component. Clean all parameters for all variants
Added Component: Designator=D13(SOD_123)
Add component. Clean all parameters for all variants
Added Component: Designator=D14(D_0805-GREEN)
Add component. Clean all parameters for all variants
Added Component: Designator=D15(SOD_123)
Add component. Clean all parameters for all variants
Added Component: Designator=D16(DIOM5436X247N)
Add component. Clean all parameters for all variants
Added Component: Designator=D20(SOT143)
Add component. Clean all parameters for all variants
Added Component: Designator=DS1(D_0805-RED)
Add component. Clean all parameters for all variants
Added Component: Designator=F1(FUSER_MF-MSMF075/24-2)
Add component. Clean all parameters for all variants
Added Component: Designator=FLASH(SW_147873-2)
Add component. Clean all parameters for all variants
Added Component: Designator=J1(68710614022)
Add component. Clean all parameters for all variants
Added Component: Designator=J2(AMPHENOL_F32D-1A7Y1-21050)
Add component. Clean all parameters for all variants
Add component (AddParameter): Name = "Availability"; Value = "In Stock"; VariantName = "[No Variations]"
Add component (AddParameter): Name = "Check_prices"; Value = "https://www.snapeda.com/parts/F32D-1A7Y1-21050/Amphenol+FCI/view-part/?ref=eda"; VariantName = "[No Variations]"
Add component (AddParameter): Name = "MF"; Value = "Amphenol ICC (FCI)"; VariantName = "[No Variations]"
Add component (AddParameter): Name = "MP"; Value = "F32D-1A7Y1-21050"; VariantName = "[No Variations]"
Add component (AddParameter): Name = "Package"; Value = "None"; VariantName = "[No Variations]"
Add component (AddParameter): Name = "Price"; Value = "None"; VariantName = "[No Variations]"
Add component (AddParameter): Name = "Purchase-URL"; Value = "https://pricing.snapeda.com/search?q=F32D-1A7Y1-21050&ref=eda"; VariantName = "[No Variations]"
Add component (AddParameter): Name = "SnapEDA_Link"; Value = "https://www.snapeda.com/parts/F32D-1A7Y1-21050/Amphenol+FCI/view-part/?ref=snap"; VariantName = "[No Variations]"
Add component (AddParameter): Name = "Value"; Value = ""; VariantName = "[No Variations]"
Added Component: Designator=J3(SOP-4-2.54MM)
Add component. Clean all parameters for all variants
Add component (AddParameter): Name = "Availability"; Value = "In Stock"; VariantName = "[No Variations]"
Add component (AddParameter): Name = "Check_prices"; Value = "https://www.snapeda.com/parts/TLP185/Toshiba/view-part/?ref=eda"; VariantName = "[No Variations]"
Add component (AddParameter): Name = "MF"; Value = "Toshiba"; VariantName = "[No Variations]"
Add component (AddParameter): Name = "MP"; Value = "TLP185"; VariantName = "[No Variations]"
Add component (AddParameter): Name = "Package"; Value = "None"; VariantName = "[No Variations]"
Add component (AddParameter): Name = "Price"; Value = "None"; VariantName = "[No Variations]"
Add component (AddParameter): Name = "Purchase-URL"; Value = "https://pricing.snapeda.com/search/part/TLP185/?ref=eda"; VariantName = "[No Variations]"
Add component (AddParameter): Name = "SnapEDA_Link"; Value = "https://www.snapeda.com/parts/TLP185/Toshiba/view-part/?ref=snap"; VariantName = "[No Variations]"
Add component (AddParameter): Name = "Value"; Value = ""; VariantName = "[No Variations]"
Added Component: Designator=J4(AMPHENOL_GTFP08131Y2HR)
Add component. Clean all parameters for all variants
Add component (AddParameter): Name = "MF"; Value = "GTFP08131Y2HR"; VariantName = "[No Variations]"
Added Component: Designator=J5(SOP-4-2.54MM)
Add component. Clean all parameters for all variants
Add component (AddParameter): Name = "Availability"; Value = "In Stock"; VariantName = "[No Variations]"
Add component (AddParameter): Name = "Check_prices"; Value = "https://www.snapeda.com/parts/TLP185/Toshiba/view-part/?ref=eda"; VariantName = "[No Variations]"
Add component (AddParameter): Name = "MF"; Value = "Toshiba"; VariantName = "[No Variations]"
Add component (AddParameter): Name = "MP"; Value = "TLP185"; VariantName = "[No Variations]"
Add component (AddParameter): Name = "Package"; Value = "None"; VariantName = "[No Variations]"
Add component (AddParameter): Name = "Price"; Value = "None"; VariantName = "[No Variations]"
Add component (AddParameter): Name = "Purchase-URL"; Value = "https://pricing.snapeda.com/search/part/TLP185/?ref=eda"; VariantName = "[No Variations]"
Add component (AddParameter): Name = "SnapEDA_Link"; Value = "https://www.snapeda.com/parts/TLP185/Toshiba/view-part/?ref=snap"; VariantName = "[No Variations]"
Add component (AddParameter): Name = "Value"; Value = ""; VariantName = "[No Variations]"
Added Component: Designator=J6(AMPHENOL_59453-041110ECHLF)
Add component. Clean all parameters for all variants
Added Component: Designator=J7(620102131822)
Add component. Clean all parameters for all variants
Added Component: Designator=J8(620102131822)
Add component. Clean all parameters for all variants
Added Component: Designator=J9(HRS_ZX62R-B-5P)
Add component. Clean all parameters for all variants
Add component (AddParameter): Name = "tecnoligi"; Value = "SMD"; VariantName = "[No Variations]"
Add component (AddParameter): Name = "value"; Value = "ZX62R-B-5P"; VariantName = "[No Variations]"
Added Component: Designator=J10(620102131822)
Add component. Clean all parameters for all variants
Added Component: Designator=J11(620102131822)
Add component. Clean all parameters for all variants
Added Component: Designator=L1(DE0703-33)
Add component. Clean all parameters for all variants
Added Component: Designator=L2(DE0703-33)
Add component. Clean all parameters for all variants
Add component (AddParameter): Name = "value"; Value = "22uH"; VariantName = "[No Variations]"
Added Component: Designator=L10(INDM5650X530N)
Add component. Clean all parameters for all variants
Added Component: Designator=L11(DE0703-33)
Add component. Clean all parameters for all variants
Added Component: Designator=Q1(SOT-23)
Add component. Clean all parameters for all variants
Added Component: Designator=Q2(SOT-23)
Add component. Clean all parameters for all variants
Added Component: Designator=Q3(SOT230P700X175-4N)
Add component. Clean all parameters for all variants
Added Component: Designator=Q4(SOT230P700X175-4N)
Add component. Clean all parameters for all variants
Added Component: Designator=Q5(DPAK)
Add component. Clean all parameters for all variants
Add component (AddParameter): Name = "MF"; Value = "ON Semiconductor"; VariantName = "[No Variations]"
Added Component: Designator=Q6(SOT95P240X120-3N)
Add component. Clean all parameters for all variants
Added Component: Designator=Q7(SOT-23)
Add component. Clean all parameters for all variants
Added Component: Designator=Q8(DPAK)
Add component. Clean all parameters for all variants
Add component (AddParameter): Name = "MF"; Value = "ON Semiconductor"; VariantName = "[No Variations]"
Added Component: Designator=Q9(SOT95P240X120-3N)
Add component. Clean all parameters for all variants
Added Component: Designator=Q10(SOT-23)
Add component. Clean all parameters for all variants
Added Component: Designator=R1(R_0805)
Add component. Clean all parameters for all variants
Added Component: Designator=R2(R_0805)
Add component. Clean all parameters for all variants
Added Component: Designator=R3(R_0805)
Add component. Clean all parameters for all variants
Added Component: Designator=R4(R_0805)
Add component. Clean all parameters for all variants
Added Component: Designator=R5(R_0805)
Add component. Clean all parameters for all variants
Added Component: Designator=R6(R_0805)
Add component. Clean all parameters for all variants
Added Component: Designator=R7(R_0805)
Add component. Clean all parameters for all variants
Added Component: Designator=R8(R_0805)
Add component. Clean all parameters for all variants
Added Component: Designator=R9(R_0805)
Add component. Clean all parameters for all variants
Added Component: Designator=R10(R_0805)
Add component. Clean all parameters for all variants
Added Component: Designator=R11(R_0805)
Add component. Clean all parameters for all variants
Added Component: Designator=R12(R_0805)
Add component. Clean all parameters for all variants
Added Component: Designator=R13(R_0805)
Add component. Clean all parameters for all variants
Added Component: Designator=R14(R_0805)
Add component. Clean all parameters for all variants
Added Component: Designator=R15(R_0805)
Add component. Clean all parameters for all variants
Added Component: Designator=R16(R_0805)
Add component. Clean all parameters for all variants
Added Component: Designator=R17(R_0805)
Add component. Clean all parameters for all variants
Added Component: Designator=R18(R_0805)
Add component. Clean all parameters for all variants
Added Component: Designator=R19(R_0805)
Add component. Clean all parameters for all variants
Added Component: Designator=R20(R_0805)
Add component. Clean all parameters for all variants
Added Component: Designator=R21(R_0805)
Add component. Clean all parameters for all variants
Added Component: Designator=R22(R_0805)
Add component. Clean all parameters for all variants
Added Component: Designator=R23(R_0805)
Add component. Clean all parameters for all variants
Added Component: Designator=R24(R_0805)
Add component. Clean all parameters for all variants
Added Component: Designator=R25(R_0805)
Add component. Clean all parameters for all variants
Added Component: Designator=R26(R_0805)
Add component. Clean all parameters for all variants
Added Component: Designator=R27(R_0805)
Add component. Clean all parameters for all variants
Added Component: Designator=R28(R_0805)
Add component. Clean all parameters for all variants
Added Component: Designator=R29(R_0805)
Add component. Clean all parameters for all variants
Added Component: Designator=R30(R_0805)
Add component. Clean all parameters for all variants
Added Component: Designator=R31(R_0805)
Add component. Clean all parameters for all variants
Added Component: Designator=R32(R_0805)
Add component. Clean all parameters for all variants
Added Component: Designator=R33(R_0805)
Add component. Clean all parameters for all variants
Added Component: Designator=R34(R_0805)
Add component. Clean all parameters for all variants
Added Component: Designator=R35(R_0805)
Add component. Clean all parameters for all variants
Added Component: Designator=R36(R_0805)
Add component. Clean all parameters for all variants
Added Component: Designator=R37(R_0805)
Add component. Clean all parameters for all variants
Added Component: Designator=R38(R_0805)
Add component. Clean all parameters for all variants
Added Component: Designator=R39(R_0805)
Add component. Clean all parameters for all variants
Added Component: Designator=R40(R_0805)
Add component. Clean all parameters for all variants
Added Component: Designator=R41(R_0805)
Add component. Clean all parameters for all variants
Added Component: Designator=R42(R_0805)
Add component. Clean all parameters for all variants
Added Component: Designator=R43(R_0805)
Add component. Clean all parameters for all variants
Added Component: Designator=R44(R_0805)
Add component. Clean all parameters for all variants
Added Component: Designator=R45(R_0805)
Add component. Clean all parameters for all variants
Added Component: Designator=R46(R_0805)
Add component. Clean all parameters for all variants
Added Component: Designator=R47(R_0805)
Add component. Clean all parameters for all variants
Added Component: Designator=R48(R_0805)
Add component. Clean all parameters for all variants
Added Component: Designator=R49(R_0805)
Add component. Clean all parameters for all variants
Added Component: Designator=R50(R_0805)
Add component. Clean all parameters for all variants
Added Component: Designator=R51(R_0805)
Add component. Clean all parameters for all variants
Added Component: Designator=R52(R_0805)
Add component. Clean all parameters for all variants
Added Component: Designator=R53(R_0805)
Add component. Clean all parameters for all variants
Added Component: Designator=R54(R_0805)
Add component. Clean all parameters for all variants
Added Component: Designator=R90(R_0805)
Add component. Clean all parameters for all variants
Added Component: Designator=RESET(SW_147873-2)
Add component. Clean all parameters for all variants
Added Component: Designator=RT1(0ZCF)
Add component. Clean all parameters for all variants
Add component (AddParameter): Name = "Manufacturer_Part_Number"; Value = "0ZCF0150FF2C"; VariantName = "[No Variations]"
Add component (AddParameter): Name = "RefDes"; Value = "RefDes"; VariantName = "[No Variations]"
Add component (AddParameter): Name = "Type"; Value = "Type"; VariantName = "[No Variations]"
Add component (AddParameter): Name = "Vendor"; Value = "Belfuse"; VariantName = "[No Variations]"
Added Component: Designator=U1(ESP32S3WROOM1N4R2)
Add component. Clean all parameters for all variants
Added Component: Designator=U2(SOT95P280X145-5N)
Add component. Clean all parameters for all variants
Add component (AddParameter): Name = "MF"; Value = "Microchip"; VariantName = "[No Variations]"
Add component (AddParameter): Name = "MP"; Value = "MCP73831T-2ACI/OT"; VariantName = "[No Variations]"
Add component (AddParameter): Name = "package"; Value = "SOT-23 Microchip"; VariantName = "[No Variations]"
Added Component: Designator=U4(SOP65P640X120-8N)
Add component. Clean all parameters for all variants
Added Component: Designator=U5(SOT229P700X180-4N)
Add component. Clean all parameters for all variants
Add component (AddParameter): Name = "MF"; Value = "SOT-223"; VariantName = "[No Variations]"
Add component (AddParameter): Name = "MP"; Value = "AMS1117"; VariantName = "[No Variations]"
Added Component: Designator=U6(SOIC127P600X180-16N)
Add component. Clean all parameters for all variants
Add component (AddParameter): Name = "MF"; Value = "WCH"; VariantName = "[No Variations]"
Add component (AddParameter): Name = "MP"; Value = "CH340G"; VariantName = "[No Variations]"
Added Component: Designator=U7(SOT95P280X145-5N)
Add component. Clean all parameters for all variants
Added Component: Designator=U8(SOT95P280X145-6N)
Add component. Clean all parameters for all variants
Add component (AddParameter): Name = "MB"; Value = "MT3608"; VariantName = "[No Variations]"
Add component (AddParameter): Name = "MF"; Value = "Aerosemi Technology Co., Ltd"; VariantName = "[No Variations]"
Added Component: Designator=U12(SOIC127P600X175-14N)
Add component. Clean all parameters for all variants
Add component (AddParameter): Name = "MP"; Value = "TL084CDT"; VariantName = "[No Variations]"
Added Component: Designator=U13(TO170P1524X483-6N)
Add component. Clean all parameters for all variants
Added Component: Designator=U14(TO254P1524X483-4N)
Add component. Clean all parameters for all variants
Add component (AddParameter): Name = "MP"; Value = "LM7812S/NOPB"; VariantName = "[No Variations]"
Add component (AddParameter): Name = "pakage"; Value = "3-DDPAK/TO-263"; VariantName = "[No Variations]"
Added Component: Designator=U15(SOP65P640X120-8N)
Add component. Clean all parameters for all variants
Added Component: Designator=U20(SOT-23-6)
Add component. Clean all parameters for all variants
Added Component: Designator=Y1(XTAL_ABM8G25000MHZB4YT3)
Add component. Clean all parameters for all variants
Add component (AddParameter): Name = "MF"; Value = "Abracon"; VariantName = "[No Variations]"
Add component (AddParameter): Name = "MP"; Value = "ABM8G25000MHZB4YT3"; VariantName = "[No Variations]"
Added Pin To Net: NetName=+4.2 Pin=C3-1
Added Pin To Net: NetName=+4.2 Pin=C7-2
Added Pin To Net: NetName=+4.2 Pin=J11-1
Added Pin To Net: NetName=+4.2 Pin=Q3-2
Added Pin To Net: NetName=+4.2 Pin=Q3-4
Added Pin To Net: NetName=+4.2 Pin=R5-2
Added Pin To Net: NetName=+4.2 Pin=R7-2
Added Pin To Net: NetName=+4.2 Pin=U2-3
Added Net: Name=+4.2
Added Pin To Net: NetName=+Va Pin=D4-1
Added Pin To Net: NetName=+Va Pin=D8-C
Added Pin To Net: NetName=+Va Pin=Q3-3
Added Net: Name=+Va
Added Pin To Net: NetName=DCLK1 Pin=J2-14
Added Pin To Net: NetName=DCLK1 Pin=R38-2
Added Net: Name=DCLK1
Added Pin To Net: NetName=GND Pin=C1-1
Added Pin To Net: NetName=GND Pin=C2-1
Added Pin To Net: NetName=GND Pin=C3-2
Added Pin To Net: NetName=GND Pin=C4-1
Added Pin To Net: NetName=GND Pin=C5-1
Added Pin To Net: NetName=GND Pin=C7-1
Added Pin To Net: NetName=GND Pin=C8-2
Added Pin To Net: NetName=GND Pin=C9-2
Added Pin To Net: NetName=GND Pin=C10-1
Added Pin To Net: NetName=GND Pin=C11-1
Added Pin To Net: NetName=GND Pin=C12-1
Added Pin To Net: NetName=GND Pin=C13-2
Added Pin To Net: NetName=GND Pin=C14-1
Added Pin To Net: NetName=GND Pin=C15-1
Added Pin To Net: NetName=GND Pin=C16-1
Added Pin To Net: NetName=GND Pin=C17-1
Added Pin To Net: NetName=GND Pin=C18-2
Added Pin To Net: NetName=GND Pin=C19-1
Added Pin To Net: NetName=GND Pin=C20-1
Added Pin To Net: NetName=GND Pin=C21-1
Added Pin To Net: NetName=GND Pin=C22-1
Added Pin To Net: NetName=GND Pin=C23-1
Added Pin To Net: NetName=GND Pin=C24-1
Added Pin To Net: NetName=GND Pin=C26-1
Added Pin To Net: NetName=GND Pin=C27-1
Added Pin To Net: NetName=GND Pin=C28-2
Added Pin To Net: NetName=GND Pin=C30-1
Added Pin To Net: NetName=GND Pin=C31-1
Added Pin To Net: NetName=GND Pin=C32-2
Added Pin To Net: NetName=GND Pin=C33-1
Added Pin To Net: NetName=GND Pin=C34-1
Added Pin To Net: NetName=GND Pin=C50-2
Added Pin To Net: NetName=GND Pin=C51-2
Added Pin To Net: NetName=GND Pin=C52-1
Added Pin To Net: NetName=GND Pin=C53-2
Added Pin To Net: NetName=GND Pin=C55-1
Added Pin To Net: NetName=GND Pin=C57-2
Added Pin To Net: NetName=GND Pin=C60-1
Added Pin To Net: NetName=GND Pin=C61-1
Added Pin To Net: NetName=GND Pin=C62-1
Added Pin To Net: NetName=GND Pin=C90-1
Added Pin To Net: NetName=GND Pin=C91-2
Added Pin To Net: NetName=GND Pin=D3-2
Added Pin To Net: NetName=GND Pin=D5-A
Added Pin To Net: NetName=GND Pin=D12-2
Added Pin To Net: NetName=GND Pin=D13-1
Added Pin To Net: NetName=GND Pin=D14-2
Added Pin To Net: NetName=GND Pin=D15-2
Added Pin To Net: NetName=GND Pin=D20-1
Added Pin To Net: NetName=GND Pin=DS1-2
Added Pin To Net: NetName=GND Pin=FLASH-2
Added Pin To Net: NetName=GND Pin=J1-4
Added Pin To Net: NetName=GND Pin=J2-3
Added Pin To Net: NetName=GND Pin=J2-13
Added Pin To Net: NetName=GND Pin=J2-15
Added Pin To Net: NetName=GND Pin=J2-16
Added Pin To Net: NetName=GND Pin=J2-17
Added Pin To Net: NetName=GND Pin=J2-18
Added Pin To Net: NetName=GND Pin=J2-24
Added Pin To Net: NetName=GND Pin=J2-25
Added Pin To Net: NetName=GND Pin=J2-32
Added Pin To Net: NetName=GND Pin=J2-34
Added Pin To Net: NetName=GND Pin=J2-46
Added Pin To Net: NetName=GND Pin=J3-CATHODE
Added Pin To Net: NetName=GND Pin=J4-6
Added Pin To Net: NetName=GND Pin=J4-S1
Added Pin To Net: NetName=GND Pin=J4-S2
Added Pin To Net: NetName=GND Pin=J4-S3
Added Pin To Net: NetName=GND Pin=J4-S4
Added Pin To Net: NetName=GND Pin=J5-CATHODE
Added Pin To Net: NetName=GND Pin=J6-4
Added Pin To Net: NetName=GND Pin=J6-5
Added Pin To Net: NetName=GND Pin=J6-6
Added Pin To Net: NetName=GND Pin=J7-2
Added Pin To Net: NetName=GND Pin=J8-1
Added Pin To Net: NetName=GND Pin=J9-5
Added Pin To Net: NetName=GND Pin=J10-1
Added Pin To Net: NetName=GND Pin=Q5-3
Added Pin To Net: NetName=GND Pin=Q7-2
Added Pin To Net: NetName=GND Pin=Q8-3
Added Pin To Net: NetName=GND Pin=Q9-1
Added Pin To Net: NetName=GND Pin=R6-1
Added Pin To Net: NetName=GND Pin=R8-1
Added Pin To Net: NetName=GND Pin=R9-1
Added Pin To Net: NetName=GND Pin=R10-1
Added Pin To Net: NetName=GND Pin=R11-2
Added Pin To Net: NetName=GND Pin=R22-1
Added Pin To Net: NetName=GND Pin=R23-1
Added Pin To Net: NetName=GND Pin=R29-1
Added Pin To Net: NetName=GND Pin=R30-1
Added Pin To Net: NetName=GND Pin=R31-2
Added Pin To Net: NetName=GND Pin=R33-1
Added Pin To Net: NetName=GND Pin=R35-1
Added Pin To Net: NetName=GND Pin=R36-2
Added Pin To Net: NetName=GND Pin=R43-1
Added Pin To Net: NetName=GND Pin=R44-1
Added Pin To Net: NetName=GND Pin=R46-1
Added Pin To Net: NetName=GND Pin=R47-1
Added Pin To Net: NetName=GND Pin=R51-2
Added Pin To Net: NetName=GND Pin=R52-1
Added Pin To Net: NetName=GND Pin=RESET-2
Added Pin To Net: NetName=GND Pin=RT1-1
Added Pin To Net: NetName=GND Pin=U1-1
Added Pin To Net: NetName=GND Pin=U1-40
Added Pin To Net: NetName=GND Pin=U1-41
Added Pin To Net: NetName=GND Pin=U1-42
Added Pin To Net: NetName=GND Pin=U1-43
Added Pin To Net: NetName=GND Pin=U1-44
Added Pin To Net: NetName=GND Pin=U1-45
Added Pin To Net: NetName=GND Pin=U1-46
Added Pin To Net: NetName=GND Pin=U1-47
Added Pin To Net: NetName=GND Pin=U1-48
Added Pin To Net: NetName=GND Pin=U1-49
Added Pin To Net: NetName=GND Pin=U2-2
Added Pin To Net: NetName=GND Pin=U4-6
Added Pin To Net: NetName=GND Pin=U4-7
Added Pin To Net: NetName=GND Pin=U5-1
Added Pin To Net: NetName=GND Pin=U6-1
Added Pin To Net: NetName=GND Pin=U7-2
Added Pin To Net: NetName=GND Pin=U8-2
Added Pin To Net: NetName=GND Pin=U12-11
Added Pin To Net: NetName=GND Pin=U13-3
Added Pin To Net: NetName=GND Pin=U13-6
Added Pin To Net: NetName=GND Pin=U14-2
Added Pin To Net: NetName=GND Pin=U14-4
Added Pin To Net: NetName=GND Pin=U15-4
Added Pin To Net: NetName=GND Pin=Y1-2
Added Pin To Net: NetName=GND Pin=Y1-4
Added Net: Name=GND
Added Pin To Net: NetName=NetC1_2 Pin=C1-2
Added Pin To Net: NetName=NetC1_2 Pin=C21-2
Added Pin To Net: NetName=NetC1_2 Pin=Q10-3
Added Pin To Net: NetName=NetC1_2 Pin=R2-1
Added Pin To Net: NetName=NetC1_2 Pin=R38-1
Added Pin To Net: NetName=NetC1_2 Pin=RESET-1
Added Pin To Net: NetName=NetC1_2 Pin=U1-27
Added Net: Name=NetC1_2
Added Pin To Net: NetName=NetC4_2 Pin=C4-2
Added Pin To Net: NetName=NetC4_2 Pin=C5-2
Added Pin To Net: NetName=NetC4_2 Pin=C9-1
Added Pin To Net: NetName=NetC4_2 Pin=C12-2
Added Pin To Net: NetName=NetC4_2 Pin=C13-1
Added Pin To Net: NetName=NetC4_2 Pin=C22-2
Added Pin To Net: NetName=NetC4_2 Pin=C28-1
Added Pin To Net: NetName=NetC4_2 Pin=C30-2
Added Pin To Net: NetName=NetC4_2 Pin=C31-2
Added Pin To Net: NetName=NetC4_2 Pin=C32-1
Added Pin To Net: NetName=NetC4_2 Pin=C90-2
Added Pin To Net: NetName=NetC4_2 Pin=C91-1
Added Pin To Net: NetName=NetC4_2 Pin=J1-5
Added Pin To Net: NetName=NetC4_2 Pin=J2-44
Added Pin To Net: NetName=NetC4_2 Pin=J4-4
Added Pin To Net: NetName=NetC4_2 Pin=J6-3
Added Pin To Net: NetName=NetC4_2 Pin=R2-2
Added Pin To Net: NetName=NetC4_2 Pin=R17-2
Added Pin To Net: NetName=NetC4_2 Pin=R18-2
Added Pin To Net: NetName=NetC4_2 Pin=R19-2
Added Pin To Net: NetName=NetC4_2 Pin=R20-2
Added Pin To Net: NetName=NetC4_2 Pin=R21-2
Added Pin To Net: NetName=NetC4_2 Pin=R25-2
Added Pin To Net: NetName=NetC4_2 Pin=R37-1
Added Pin To Net: NetName=NetC4_2 Pin=R90-2
Added Pin To Net: NetName=NetC4_2 Pin=U1-2
Added Pin To Net: NetName=NetC4_2 Pin=U5-2
Added Pin To Net: NetName=NetC4_2 Pin=U5-4
Added Pin To Net: NetName=NetC4_2 Pin=U15-3
Added Pin To Net: NetName=NetC4_2 Pin=U15-7
Added Pin To Net: NetName=NetC4_2 Pin=U15-8
Added Net: Name=NetC4_2
Added Pin To Net: NetName=NetC6_1 Pin=C6-1
Added Pin To Net: NetName=NetC6_1 Pin=R5-1
Added Pin To Net: NetName=NetC6_1 Pin=U20-5
Added Net: Name=NetC6_1
Added Pin To Net: NetName=NetC6_2 Pin=C6-2
Added Pin To Net: NetName=NetC6_2 Pin=J11-2
Added Pin To Net: NetName=NetC6_2 Pin=U4-2
Added Pin To Net: NetName=NetC6_2 Pin=U4-3
Added Pin To Net: NetName=NetC6_2 Pin=U20-6
Added Net: Name=NetC6_2
Added Pin To Net: NetName=NetC11_2 Pin=C11-2
Added Pin To Net: NetName=NetC11_2 Pin=FLASH-1
Added Pin To Net: NetName=NetC11_2 Pin=J2-7
Added Pin To Net: NetName=NetC11_2 Pin=Q2-3
Added Pin To Net: NetName=NetC11_2 Pin=R18-1
Added Pin To Net: NetName=NetC11_2 Pin=U1-3
Added Net: Name=NetC11_2
Added Pin To Net: NetName=NetC14_2 Pin=C14-2
Added Pin To Net: NetName=NetC14_2 Pin=C15-2
Added Pin To Net: NetName=NetC14_2 Pin=L1-1
Added Pin To Net: NetName=NetC14_2 Pin=Q4-2
Added Pin To Net: NetName=NetC14_2 Pin=Q4-4
Added Pin To Net: NetName=NetC14_2 Pin=U7-4
Added Pin To Net: NetName=NetC14_2 Pin=U7-5
Added Net: Name=NetC14_2
Added Pin To Net: NetName=NetC16_2 Pin=C16-2
Added Pin To Net: NetName=NetC16_2 Pin=C17-2
Added Pin To Net: NetName=NetC16_2 Pin=D6-2
Added Pin To Net: NetName=NetC16_2 Pin=J2-49
Added Pin To Net: NetName=NetC16_2 Pin=J2-50
Added Net: Name=NetC16_2
Added Pin To Net: NetName=NetC20_2 Pin=C20-2
Added Pin To Net: NetName=NetC20_2 Pin=C23-2
Added Pin To Net: NetName=NetC20_2 Pin=C24-2
Added Pin To Net: NetName=NetC20_2 Pin=D9-2
Added Pin To Net: NetName=NetC20_2 Pin=J2-8
Added Pin To Net: NetName=NetC20_2 Pin=Q6-2
Added Pin To Net: NetName=NetC20_2 Pin=R12-2
Added Net: Name=NetC20_2
Added Pin To Net: NetName=NetC25_1 Pin=C25-1
Added Pin To Net: NetName=NetC25_1 Pin=Q6-3
Added Net: Name=NetC25_1
Added Pin To Net: NetName=NetC25_2 Pin=C25-2
Added Pin To Net: NetName=NetC25_2 Pin=C29-2
Added Pin To Net: NetName=NetC25_2 Pin=D9-1
Added Pin To Net: NetName=NetC25_2 Pin=L2-2
Added Pin To Net: NetName=NetC25_2 Pin=U8-1
Added Net: Name=NetC25_2
Added Pin To Net: NetName=NetC26_2 Pin=C26-2
Added Pin To Net: NetName=NetC26_2 Pin=Q6-1
Added Pin To Net: NetName=NetC26_2 Pin=R27-2
Added Net: Name=NetC26_2
Added Pin To Net: NetName=NetC27_2 Pin=C27-2
Added Pin To Net: NetName=NetC27_2 Pin=D13-2
Added Pin To Net: NetName=NetC27_2 Pin=J2-10
Added Pin To Net: NetName=NetC27_2 Pin=R27-1
Added Pin To Net: NetName=NetC27_2 Pin=R30-2
Added Net: Name=NetC27_2
Added Pin To Net: NetName=NetC29_1 Pin=C29-1
Added Pin To Net: NetName=NetC29_1 Pin=Q9-3
Added Net: Name=NetC29_1
Added Pin To Net: NetName=NetC33_2 Pin=C33-2
Added Pin To Net: NetName=NetC33_2 Pin=Q9-2
Added Pin To Net: NetName=NetC33_2 Pin=R50-2
Added Net: Name=NetC33_2
Added Pin To Net: NetName=NetC34_2 Pin=C34-2
Added Pin To Net: NetName=NetC34_2 Pin=D15-1
Added Pin To Net: NetName=NetC34_2 Pin=J2-9
Added Pin To Net: NetName=NetC34_2 Pin=R50-1
Added Pin To Net: NetName=NetC34_2 Pin=R52-2
Added Net: Name=NetC34_2
Added Pin To Net: NetName=NetC50_1 Pin=C50-1
Added Pin To Net: NetName=NetC50_1 Pin=F1-2
Added Pin To Net: NetName=NetC50_1 Pin=L10-1
Added Pin To Net: NetName=NetC50_1 Pin=RT1-2
Added Net: Name=NetC50_1
Added Pin To Net: NetName=NetC57_1 Pin=C57-1
Added Pin To Net: NetName=NetC57_1 Pin=D11-2
Added Pin To Net: NetName=NetC57_1 Pin=R46-2
Added Pin To Net: NetName=NetC57_1 Pin=U12-2
Added Pin To Net: NetName=NetC57_1 Pin=U12-5
Added Net: Name=NetC57_1
Added Pin To Net: NetName=NetC60_2 Pin=C60-2
Added Pin To Net: NetName=NetC60_2 Pin=U6-4
Added Net: Name=NetC60_2
Added Pin To Net: NetName=NetC61_2 Pin=C61-2
Added Pin To Net: NetName=NetC61_2 Pin=U6-7
Added Pin To Net: NetName=NetC61_2 Pin=Y1-1
Added Net: Name=NetC61_2
Added Pin To Net: NetName=NetC62_2 Pin=C62-2
Added Pin To Net: NetName=NetC62_2 Pin=U6-8
Added Pin To Net: NetName=NetC62_2 Pin=Y1-3
Added Net: Name=NetC62_2
Added Pin To Net: NetName=NetD1_A Pin=D1-A
Added Pin To Net: NetName=NetD1_A Pin=J7-1
Added Net: Name=NetD1_A
Added Pin To Net: NetName=NetD1_C Pin=D1-C
Added Pin To Net: NetName=NetD1_C Pin=F1-1
Added Net: Name=NetD1_C
Added Pin To Net: NetName=NetD2_1 Pin=D2-1
Added Pin To Net: NetName=NetD2_1 Pin=R3-2
Added Net: Name=NetD2_1
Added Pin To Net: NetName=NetD2_2 Pin=D2-2
Added Pin To Net: NetName=NetD2_2 Pin=R4-1
Added Pin To Net: NetName=NetD2_2 Pin=U2-1
Added Net: Name=NetD2_2
Added Pin To Net: NetName=NetD3_1 Pin=D3-1
Added Pin To Net: NetName=NetD3_1 Pin=R4-2
Added Net: Name=NetD3_1
Added Pin To Net: NetName=NetD5_C Pin=D5-C
Added Pin To Net: NetName=NetD5_C Pin=L11-1
Added Pin To Net: NetName=NetD5_C Pin=U13-2
Added Net: Name=NetD5_C
Added Pin To Net: NetName=NetD6_1 Pin=D6-1
Added Pin To Net: NetName=NetD6_1 Pin=L1-2
Added Pin To Net: NetName=NetD6_1 Pin=U7-1
Added Net: Name=NetD6_1
Added Pin To Net: NetName=NetD8_A Pin=D8-A
Added Pin To Net: NetName=NetD8_A Pin=D10-C
Added Net: Name=NetD8_A
Added Pin To Net: NetName=NetD10_A Pin=D10-A
Added Pin To Net: NetName=NetD10_A Pin=D16-C
Added Net: Name=NetD10_A
Added Pin To Net: NetName=NetD11_1 Pin=D11-1
Added Pin To Net: NetName=NetD11_1 Pin=U12-1
Added Net: Name=NetD11_1
Added Pin To Net: NetName=NetD12_1 Pin=D12-1
Added Pin To Net: NetName=NetD12_1 Pin=R15-2
Added Net: Name=NetD12_1
Added Pin To Net: NetName=NetD14_1 Pin=D14-1
Added Pin To Net: NetName=NetD14_1 Pin=R42-1
Added Net: Name=NetD14_1
Added Pin To Net: NetName=NetD20_2 Pin=D20-2
Added Pin To Net: NetName=NetD20_2 Pin=J9-2
Added Pin To Net: NetName=NetD20_2 Pin=U6-6
Added Net: Name=NetD20_2
Added Pin To Net: NetName=NetD20_3 Pin=D20-3
Added Pin To Net: NetName=NetD20_3 Pin=J9-3
Added Pin To Net: NetName=NetD20_3 Pin=U6-5
Added Net: Name=NetD20_3
Added Pin To Net: NetName=NetDS1_1 Pin=DS1-1
Added Pin To Net: NetName=NetDS1_1 Pin=R1-1
Added Net: Name=NetDS1_1
Added Pin To Net: NetName=NetJ1_1 Pin=J1-1
Added Pin To Net: NetName=NetJ1_1 Pin=U1-14
Added Net: Name=NetJ1_1
Added Pin To Net: NetName=NetJ1_2 Pin=J1-2
Added Pin To Net: NetName=NetJ1_2 Pin=U1-13
Added Net: Name=NetJ1_2
Added Pin To Net: NetName=NetJ1_6 Pin=J1-6
Added Net: Name=NetJ1_6
Added Pin To Net: NetName=NetJ2_4 Pin=J2-4
Added Pin To Net: NetName=NetJ2_4 Pin=R39-2
Added Net: Name=NetJ2_4
Added Pin To Net: NetName=NetJ2_5 Pin=J2-5
Added Pin To Net: NetName=NetJ2_5 Pin=R26-2
Added Net: Name=NetJ2_5
Added Pin To Net: NetName=NetJ2_11 Pin=J2-11
Added Pin To Net: NetName=NetJ2_11 Pin=R32-1
Added Pin To Net: NetName=NetJ2_11 Pin=R33-2
Added Net: Name=NetJ2_11
Added Pin To Net: NetName=NetJ2_12 Pin=J2-12
Added Pin To Net: NetName=NetJ2_12 Pin=R34-1
Added Pin To Net: NetName=NetJ2_12 Pin=R35-2
Added Net: Name=NetJ2_12
Added Pin To Net: NetName=NetJ2_19 Pin=J2-19
Added Pin To Net: NetName=NetJ2_19 Pin=U1-22
Added Net: Name=NetJ2_19
Added Pin To Net: NetName=NetJ2_20 Pin=J2-20
Added Pin To Net: NetName=NetJ2_20 Pin=U1-23
Added Net: Name=NetJ2_20
Added Pin To Net: NetName=NetJ2_21 Pin=J2-21
Added Pin To Net: NetName=NetJ2_21 Pin=U1-24
Added Net: Name=NetJ2_21
Added Pin To Net: NetName=NetJ2_22 Pin=J2-22
Added Pin To Net: NetName=NetJ2_22 Pin=U1-25
Added Net: Name=NetJ2_22
Added Pin To Net: NetName=NetJ2_23 Pin=J2-23
Added Pin To Net: NetName=NetJ2_23 Pin=R31-1
Added Pin To Net: NetName=NetJ2_23 Pin=U1-26
Added Net: Name=NetJ2_23
Added Pin To Net: NetName=NetJ2_26 Pin=J2-26
Added Pin To Net: NetName=NetJ2_26 Pin=U1-17
Added Net: Name=NetJ2_26
Added Pin To Net: NetName=NetJ2_27 Pin=J2-27
Added Pin To Net: NetName=NetJ2_27 Pin=U1-16
Added Net: Name=NetJ2_27
Added Pin To Net: NetName=NetJ2_28 Pin=J2-28
Added Pin To Net: NetName=NetJ2_28 Pin=U1-15
Added Net: Name=NetJ2_28
Added Pin To Net: NetName=NetJ2_29 Pin=J2-29
Added Pin To Net: NetName=NetJ2_29 Pin=U1-12
Added Net: Name=NetJ2_29
Added Pin To Net: NetName=NetJ2_30 Pin=J2-30
Added Pin To Net: NetName=NetJ2_30 Pin=U1-9
Added Net: Name=NetJ2_30
Added Pin To Net: NetName=NetJ2_31 Pin=J2-31
Added Pin To Net: NetName=NetJ2_31 Pin=U1-39
Added Net: Name=NetJ2_31
Added Pin To Net: NetName=NetJ2_35 Pin=J2-35
Added Pin To Net: NetName=NetJ2_35 Pin=U1-8
Added Net: Name=NetJ2_35
Added Pin To Net: NetName=NetJ2_36 Pin=J2-36
Added Pin To Net: NetName=NetJ2_36 Pin=U1-7
Added Net: Name=NetJ2_36
Added Pin To Net: NetName=NetJ2_37 Pin=J2-37
Added Pin To Net: NetName=NetJ2_37 Pin=U1-6
Added Net: Name=NetJ2_37
Added Pin To Net: NetName=NetJ2_38 Pin=J2-38
Added Pin To Net: NetName=NetJ2_38 Pin=U1-5
Added Net: Name=NetJ2_38
Added Pin To Net: NetName=NetJ2_39 Pin=J2-39
Added Pin To Net: NetName=NetJ2_39 Pin=U1-4
Added Net: Name=NetJ2_39
Added Pin To Net: NetName=NetJ2_40 Pin=J2-40
Added Pin To Net: NetName=NetJ2_40 Pin=U1-32
Added Net: Name=NetJ2_40
Added Pin To Net: NetName=NetJ2_41 Pin=J2-41
Added Pin To Net: NetName=NetJ2_41 Pin=U1-33
Added Net: Name=NetJ2_41
Added Pin To Net: NetName=NetJ2_42 Pin=J2-42
Added Pin To Net: NetName=NetJ2_42 Pin=U1-34
Added Net: Name=NetJ2_42
Added Pin To Net: NetName=NetJ2_43 Pin=J2-43
Added Pin To Net: NetName=NetJ2_43 Pin=R36-1
Added Pin To Net: NetName=NetJ2_43 Pin=R37-2
Added Net: Name=NetJ2_43
Added Pin To Net: NetName=NetJ2_45 Pin=J2-45
Added Pin To Net: NetName=NetJ2_45 Pin=R25-1
Added Net: Name=NetJ2_45
Added Pin To Net: NetName=NetJ2_47 Pin=J2-47
Added Pin To Net: NetName=NetJ2_47 Pin=J2-48
Added Pin To Net: NetName=NetJ2_47 Pin=R10-2
Added Pin To Net: NetName=NetJ2_47 Pin=U7-3
Added Net: Name=NetJ2_47
Added Pin To Net: NetName=NetJ3_ANODE Pin=J3-ANODE
Added Pin To Net: NetName=NetJ3_ANODE Pin=R13-2
Added Net: Name=NetJ3_ANODE
Added Pin To Net: NetName=NetJ3_COLLECTOR Pin=J3-COLLECTOR
Added Pin To Net: NetName=NetJ3_COLLECTOR Pin=R14-1
Added Net: Name=NetJ3_COLLECTOR
Added Pin To Net: NetName=NetJ3_EMITTER Pin=J3-EMITTER
Added Pin To Net: NetName=NetJ3_EMITTER Pin=R16-1
Added Net: Name=NetJ3_EMITTER
Added Pin To Net: NetName=NetJ4_2 Pin=J4-2
Added Pin To Net: NetName=NetJ4_2 Pin=R20-1
Added Pin To Net: NetName=NetJ4_2 Pin=U1-18
Added Net: Name=NetJ4_2
Added Pin To Net: NetName=NetJ4_3 Pin=J4-3
Added Pin To Net: NetName=NetJ4_3 Pin=R21-1
Added Pin To Net: NetName=NetJ4_3 Pin=U1-19
Added Pin To Net: NetName=NetJ4_3 Pin=U15-5
Added Net: Name=NetJ4_3
Added Pin To Net: NetName=NetJ4_5 Pin=J4-5
Added Pin To Net: NetName=NetJ4_5 Pin=R17-1
Added Pin To Net: NetName=NetJ4_5 Pin=U1-20
Added Pin To Net: NetName=NetJ4_5 Pin=U15-6
Added Net: Name=NetJ4_5
Added Pin To Net: NetName=NetJ4_7 Pin=J4-7
Added Pin To Net: NetName=NetJ4_7 Pin=R19-1
Added Pin To Net: NetName=NetJ4_7 Pin=U1-21
Added Pin To Net: NetName=NetJ4_7 Pin=U15-2
Added Net: Name=NetJ4_7
Added Pin To Net: NetName=NetJ5_ANODE Pin=J5-ANODE
Added Pin To Net: NetName=NetJ5_ANODE Pin=R40-1
Added Net: Name=NetJ5_ANODE
Added Pin To Net: NetName=NetJ5_COLLECTOR Pin=J5-COLLECTOR
Added Pin To Net: NetName=NetJ5_COLLECTOR Pin=R41-2
Added Net: Name=NetJ5_COLLECTOR
Added Pin To Net: NetName=NetJ5_EMITTER Pin=J5-EMITTER
Added Pin To Net: NetName=NetJ5_EMITTER Pin=R49-2
Added Net: Name=NetJ5_EMITTER
Added Pin To Net: NetName=NetJ6_1 Pin=J6-1
Added Pin To Net: NetName=NetJ6_1 Pin=U1-36
Added Pin To Net: NetName=NetJ6_1 Pin=U6-2
Added Net: Name=NetJ6_1
Added Pin To Net: NetName=NetJ6_2 Pin=J6-2
Added Pin To Net: NetName=NetJ6_2 Pin=U1-37
Added Pin To Net: NetName=NetJ6_2 Pin=U6-3
Added Net: Name=NetJ6_2
Added Pin To Net: NetName=NetJ8_2 Pin=J8-2
Added Pin To Net: NetName=NetJ8_2 Pin=Q5-4
Added Net: Name=NetJ8_2
Added Pin To Net: NetName=NetJ10_2 Pin=J10-2
Added Pin To Net: NetName=NetJ10_2 Pin=Q8-4
Added Net: Name=NetJ10_2
Added Pin To Net: NetName=NetQ1_1 Pin=Q1-1
Added Pin To Net: NetName=NetQ1_1 Pin=R43-2
Added Pin To Net: NetName=NetQ1_1 Pin=R45-2
Added Net: Name=NetQ1_1
Added Pin To Net: NetName=NetQ1_2 Pin=Q1-2
Added Pin To Net: NetName=NetQ1_2 Pin=R44-2
Added Pin To Net: NetName=NetQ1_2 Pin=U13-5
Added Net: Name=NetQ1_2
Added Pin To Net: NetName=NetQ2_1 Pin=Q2-1
Added Pin To Net: NetName=NetQ2_1 Pin=R53-2
Added Net: Name=NetQ2_1
Added Pin To Net: NetName=NetQ2_2 Pin=Q2-2
Added Pin To Net: NetName=NetQ2_2 Pin=R54-1
Added Pin To Net: NetName=NetQ2_2 Pin=U6-14
Added Net: Name=NetQ2_2
Added Pin To Net: NetName=NetQ4_1 Pin=Q4-1
Added Pin To Net: NetName=NetQ4_1 Pin=Q7-3
Added Pin To Net: NetName=NetQ4_1 Pin=R24-1
Added Net: Name=NetQ4_1
Added Pin To Net: NetName=NetQ5_1 Pin=Q5-1
Added Pin To Net: NetName=NetQ5_1 Pin=R16-2
Added Pin To Net: NetName=NetQ5_1 Pin=R23-2
Added Net: Name=NetQ5_1
Added Pin To Net: NetName=NetQ7_1 Pin=Q7-1
Added Pin To Net: NetName=NetQ7_1 Pin=R28-1
Added Pin To Net: NetName=NetQ7_1 Pin=R29-2
Added Net: Name=NetQ7_1
Added Pin To Net: NetName=NetQ8_1 Pin=Q8-1
Added Pin To Net: NetName=NetQ8_1 Pin=R49-1
Added Pin To Net: NetName=NetQ8_1 Pin=R51-1
Added Net: Name=NetQ8_1
Added Pin To Net: NetName=NetQ10_1 Pin=Q10-1
Added Pin To Net: NetName=NetQ10_1 Pin=R54-2
Added Net: Name=NetQ10_1
Added Pin To Net: NetName=NetQ10_2 Pin=Q10-2
Added Pin To Net: NetName=NetQ10_2 Pin=R53-1
Added Pin To Net: NetName=NetQ10_2 Pin=U6-13
Added Net: Name=NetQ10_2
Added Pin To Net: NetName=NetR6_2 Pin=R6-2
Added Pin To Net: NetName=NetR6_2 Pin=U2-5
Added Net: Name=NetR6_2
Added Pin To Net: NetName=NetR7_1 Pin=R7-1
Added Pin To Net: NetName=NetR7_1 Pin=R9-2
Added Pin To Net: NetName=NetR7_1 Pin=U1-11
Added Net: Name=NetR7_1
Added Pin To Net: NetName=NetR8_2 Pin=R8-2
Added Pin To Net: NetName=NetR8_2 Pin=U20-2
Added Net: Name=NetR8_2
Added Pin To Net: NetName=NetR12_1 Pin=R12-1
Added Pin To Net: NetName=NetR12_1 Pin=R22-2
Added Pin To Net: NetName=NetR12_1 Pin=U8-3
Added Net: Name=NetR12_1
Added Pin To Net: NetName=NetR13_1 Pin=R13-1
Added Pin To Net: NetName=NetR13_1 Pin=R15-1
Added Pin To Net: NetName=NetR13_1 Pin=U1-10
Added Net: Name=NetR13_1
Added Pin To Net: NetName=NetR26_1 Pin=R26-1
Added Pin To Net: NetName=NetR26_1 Pin=R32-2
Added Pin To Net: NetName=NetR26_1 Pin=R34-2
Added Pin To Net: NetName=NetR26_1 Pin=R39-1
Added Net: Name=NetR26_1
Added Pin To Net: NetName=NetR28_2 Pin=R28-2
Added Pin To Net: NetName=NetR28_2 Pin=U1-38
Added Net: Name=NetR28_2
Added Pin To Net: NetName=NetR40_2 Pin=R40-2
Added Pin To Net: NetName=NetR40_2 Pin=R42-2
Added Pin To Net: NetName=NetR40_2 Pin=U1-35
Added Net: Name=NetR40_2
Added Pin To Net: NetName=NetR45_1 Pin=R45-1
Added Pin To Net: NetName=NetR45_1 Pin=U12-7
Added Net: Name=NetR45_1
Added Pin To Net: NetName=NetR47_2 Pin=R47-2
Added Pin To Net: NetName=NetR47_2 Pin=R48-2
Added Pin To Net: NetName=NetR47_2 Pin=U12-9
Added Net: Name=NetR47_2
Added Pin To Net: NetName=NetR48_1 Pin=R48-1
Added Pin To Net: NetName=NetR48_1 Pin=U12-6
Added Pin To Net: NetName=NetR48_1 Pin=U12-8
Added Net: Name=NetR48_1
Added Pin To Net: NetName=NetR90_1 Pin=R90-1
Added Pin To Net: NetName=NetR90_1 Pin=U1-31
Added Pin To Net: NetName=NetR90_1 Pin=U15-1
Added Net: Name=NetR90_1
Added Pin To Net: NetName=NetU4_4 Pin=U4-4
Added Pin To Net: NetName=NetU4_4 Pin=U20-1
Added Net: Name=NetU4_4
Added Pin To Net: NetName=NetU4_5 Pin=U4-5
Added Pin To Net: NetName=NetU4_5 Pin=U20-3
Added Net: Name=NetU4_5
Added Pin To Net: NetName=V_EXT_REG Pin=R14-2
Added Pin To Net: NetName=V_EXT_REG Pin=R41-1
Added Pin To Net: NetName=V_EXT_REG Pin=U12-4
Added Pin To Net: NetName=V_EXT_REG Pin=U12-10
Added Pin To Net: NetName=V_EXT_REG Pin=U14-3
Added Net: Name=V_EXT_REG
Added Pin To Net: NetName=V_EX Pin=C51-1
Added Pin To Net: NetName=V_EX Pin=C52-2
Added Pin To Net: NetName=V_EX Pin=L10-2
Added Pin To Net: NetName=V_EX Pin=Q1-3
Added Pin To Net: NetName=V_EX Pin=U12-3
Added Pin To Net: NetName=V_EX Pin=U13-1
Added Pin To Net: NetName=V_EX Pin=U14-1
Added Net: Name=V_EX
Added Pin To Net: NetName=VBUS Pin=D7-1
Added Pin To Net: NetName=VBUS Pin=D20-4
Added Pin To Net: NetName=VBUS Pin=J9-1
Added Pin To Net: NetName=VBUS Pin=U6-16
Added Net: Name=VBUS
Added Pin To Net: NetName=VCC Pin=C2-2
Added Pin To Net: NetName=VCC Pin=C8-1
Added Pin To Net: NetName=VCC Pin=C10-2
Added Pin To Net: NetName=VCC Pin=C18-1
Added Pin To Net: NetName=VCC Pin=C19-2
Added Pin To Net: NetName=VCC Pin=C53-1
Added Pin To Net: NetName=VCC Pin=C55-2
Added Pin To Net: NetName=VCC Pin=D4-2
Added Pin To Net: NetName=VCC Pin=D7-2
Added Pin To Net: NetName=VCC Pin=D16-A
Added Pin To Net: NetName=VCC Pin=L2-1
Added Pin To Net: NetName=VCC Pin=L11-2
Added Pin To Net: NetName=VCC Pin=Q3-1
Added Pin To Net: NetName=VCC Pin=Q4-3
Added Pin To Net: NetName=VCC Pin=R1-2
Added Pin To Net: NetName=VCC Pin=R3-1
Added Pin To Net: NetName=VCC Pin=R11-1
Added Pin To Net: NetName=VCC Pin=R24-2
Added Pin To Net: NetName=VCC Pin=U2-4
Added Pin To Net: NetName=VCC Pin=U5-3
Added Pin To Net: NetName=VCC Pin=U8-4
Added Pin To Net: NetName=VCC Pin=U8-5
Added Pin To Net: NetName=VCC Pin=U13-4
Added Net: Name=VCC
Added Class: Name=TFT-ES32-V1.1
Added Room: Name=TFT-ES32-V1.1
