Removed Pin From Net: NetName=VCC Pin=C40-1
Removed Pin From Net: NetName=GND Pin=C40-2
Removed Pin From Net: NetName=GND Pin=C41-1
Removed Pin From Net: NetName=VCC Pin=C41-2
Removed Pin From Net: NetName=GND Pin=C42-2
Removed Pin From Net: NetName=GND Pin=C43-1
Removed Pin From Net: NetName=VBUS Pin=D15-1
Removed Pin From Net: NetName=VCC Pin=D15-2
Removed Pin From Net: NetName=+Va Pin=D19-1
Removed Pin From Net: NetName=VCC Pin=D19-2
Removed Pin From Net: NetName=GND Pin=U17-1
Removed Pin From Net: NetName=VCC Pin=U17-3
Removed Member From Class: ClassName=TFT-ES32-V1.1 Member=C40
Removed Member From Class: ClassName=TFT-ES32-V1.1 Member=C41
Removed Member From Class: ClassName=TFT-ES32-V1.1 Member=C42
Removed Member From Class: ClassName=TFT-ES32-V1.1 Member=C43
Removed Member From Class: ClassName=TFT-ES32-V1.1 Member=D15
Removed Member From Class: ClassName=TFT-ES32-V1.1 Member=D19
Removed Member From Class: ClassName=TFT-ES32-V1.1 Member=U17
Added Pin To Net: NetName=NetQ4_3 Pin=Q4-3
Added Net: Name=NetQ4_3
Added Room: Name=TFT-ES32-V1.1
