Removed Pin From Net: NetName=DCLK1 Pin=C1-2
Removed Pin From Net: NetName=3V3 Pin=C2-1
Removed Pin From Net: NetName=GND Pin=C2-2
Removed Pin From Net: NetName=GND Pin=C3-1
Removed Pin From Net: NetName=VIN Pin=C3-2
Removed Pin From Net: NetName=3V3 Pin=C5-1
Removed Pin From Net: NetName=GND Pin=C5-2
Removed Pin From Net: NetName=GND Pin=C6-1
Removed Pin From Net: NetName=VIN Pin=C6-2
Removed Pin From Net: NetName=3V3 Pin=C7-2
Removed Pin From Net: NetName=GND Pin=C8-1
Removed Pin From Net: NetName=3V3 Pin=C8-2
Removed Pin From Net: NetName=GND Pin=C9-1
Removed Pin From Net: NetName=3V3 Pin=C9-2
Removed Pin From Net: NetName=ESP32_RESET Pin=C11-1
Removed Pin From Net: NetName=GND Pin=C11-2
Removed Pin From Net: NetName=N$3 Pin=C14-1
Removed Pin From Net: NetName=GND Pin=C14-2
Removed Pin From Net: NetName=AVDD_10V Pin=C15-2
Removed Pin From Net: NetName=N$15 Pin=C16-1
Removed Pin From Net: NetName=GND Pin=C16-2
Removed Pin From Net: NetName=AVDD_10V Pin=C17-2
Removed Pin From Net: NetName=GND Pin=C18-1
Removed Pin From Net: NetName=VIN2 Pin=C18-2
Removed Pin From Net: NetName=LCD_LEDA Pin=C19-2
Removed Pin From Net: NetName=3V3 Pin=C20-1
Removed Pin From Net: NetName=GND Pin=C20-2
Removed Pin From Net: NetName=LCD_LEDA Pin=C21-2
Removed Pin From Net: NetName=VIN Pin=C23-2
Removed Pin From Net: NetName=VDD Pin=C24-1
Removed Pin From Net: NetName=GND Pin=C24-2
Removed Pin From Net: NetName=VDD Pin=C25-1
Removed Pin From Net: NetName=GND Pin=C25-2
Removed Pin From Net: NetName=3V3 Pin=C26-1
Removed Pin From Net: NetName=GND Pin=C26-2
Removed Pin From Net: NetName=N$10 Pin=C27-1
Removed Pin From Net: NetName=N$9 Pin=C27-2
Removed Pin From Net: NetName=N$24 Pin=C28-1
Removed Pin From Net: NetName=N$9 Pin=C28-2
Removed Pin From Net: NetName=GND Pin=C29-1
Removed Pin From Net: NetName=3V3 Pin=C29-2
Removed Pin From Net: NetName=GND Pin=C32-1
Removed Pin From Net: NetName=3V3 Pin=C32-2
Removed Pin From Net: NetName=3V3 Pin=C33-1
Removed Pin From Net: NetName=GND Pin=C33-2
Removed Pin From Net: NetName=N$30 Pin=C34-2
Removed Pin From Net: NetName=GND Pin=C35-1
Removed Pin From Net: NetName=N$29 Pin=C35-2
Removed Pin From Net: NetName=N$3 Pin=C38-1
Removed Pin From Net: NetName=N$6 Pin=C38-2
Removed Pin From Net: NetName=N$15 Pin=C39-1
Removed Pin From Net: NetName=N$8 Pin=C39-2
Removed Pin From Net: NetName=GND Pin=C40-1
Removed Pin From Net: NetName=VGH+18V Pin=C40-2
Removed Pin From Net: NetName=GND Pin=C41-1
Removed Pin From Net: NetName=VGL-8.2V Pin=C41-2
Removed Pin From Net: NetName=GND Pin=C42-1
Removed Pin From Net: NetName=VIN Pin=C42-2
Removed Pin From Net: NetName=GND Pin=C43-1
Removed Pin From Net: NetName=VIN2 Pin=C43-2
Removed Pin From Net: NetName=GND Pin=C54-1
Removed Pin From Net: NetName=3V3 Pin=C54-2
Removed Pin From Net: NetName=N$9 Pin=D1-1
Removed Pin From Net: NetName=AVDD_10V Pin=D1-2
Removed Pin From Net: NetName=GND Pin=D2-+
Removed Pin From Net: NetName=VGH+18V Pin=D2--
Removed Pin From Net: NetName=VBUS Pin=D3-1
Removed Pin From Net: NetName=VIN Pin=D3-2
Removed Pin From Net: NetName=VGL-8.2V Pin=D4-+
Removed Pin From Net: NetName=GND Pin=D4--
Removed Pin From Net: NetName=N$16 Pin=D6-1
Removed Pin From Net: NetName=LCD_LEDA Pin=D6-2
Removed Pin From Net: NetName=BAT+ Pin=J1-P$1
Removed Pin From Net: NetName=GND Pin=J1-P$2
Removed Pin From Net: NetName=GND Pin=J1-P$3
Removed Pin From Net: NetName=GND Pin=J1-P$4
Removed Pin From Net: NetName=GND Pin=J2-P$3
Removed Pin From Net: NetName=N$14 Pin=J2-P$4
Removed Pin From Net: NetName=N$4 Pin=J2-P$5
Removed Pin From Net: NetName=ESP32_RESET Pin=J2-P$7
Removed Pin From Net: NetName=AVDD_10V Pin=J2-P$8
Removed Pin From Net: NetName=VGL-8.2V Pin=J2-P$9
Removed Pin From Net: NetName=VGH+18V Pin=J2-P$10
Removed Pin From Net: NetName=U/D Pin=J2-P$11
Removed Pin From Net: NetName=L/R Pin=J2-P$12
Removed Pin From Net: NetName=GND Pin=J2-P$13
Removed Pin From Net: NetName=DCLK1 Pin=J2-P$14
Removed Pin From Net: NetName=GND Pin=J2-P$15
Removed Pin From Net: NetName=GND Pin=J2-P$16
Removed Pin From Net: NetName=GND Pin=J2-P$17
Removed Pin From Net: NetName=GND Pin=J2-P$18
Removed Pin From Net: NetName=IO14_R3 Pin=J2-P$19
Removed Pin From Net: NetName=IO21_R4 Pin=J2-P$20
Removed Pin From Net: NetName=IO47_R5 Pin=J2-P$21
Removed Pin From Net: NetName=IO48_R6 Pin=J2-P$22
Removed Pin From Net: NetName=IO45_R7 Pin=J2-P$23
Removed Pin From Net: NetName=GND Pin=J2-P$24
Removed Pin From Net: NetName=GND Pin=J2-P$25
Removed Pin From Net: NetName=IO9_G2 Pin=J2-P$26
Removed Pin From Net: NetName=IO46_G3 Pin=J2-P$27
Removed Pin From Net: NetName=IO3_G4 Pin=J2-P$28
Removed Pin From Net: NetName=IO8_G5 Pin=J2-P$29
Removed Pin From Net: NetName=IO16_G6 Pin=J2-P$30
Removed Pin From Net: NetName=IO1_G7 Pin=J2-P$31
Removed Pin From Net: NetName=GND Pin=J2-P$32
Removed Pin From Net: NetName=GND Pin=J2-P$33
Removed Pin From Net: NetName=GND Pin=J2-P$34
Removed Pin From Net: NetName=IO15_B3 Pin=J2-P$35
Removed Pin From Net: NetName=IO7_B4 Pin=J2-P$36
Removed Pin From Net: NetName=IO6_B5 Pin=J2-P$37
Removed Pin From Net: NetName=IO5_B6 Pin=J2-P$38
Removed Pin From Net: NetName=IO4_B7 Pin=J2-P$39
Removed Pin From Net: NetName=IO39_HSYNC Pin=J2-P$40
Removed Pin From Net: NetName=IO40_VSYNC Pin=J2-P$41
Removed Pin From Net: NetName=IO41_DE Pin=J2-P$42
Removed Pin From Net: NetName=N$12 Pin=J2-P$43
Removed Pin From Net: NetName=3V3 Pin=J2-P$44
Removed Pin From Net: NetName=N$2 Pin=J2-P$45
Removed Pin From Net: NetName=GND Pin=J2-P$46
Removed Pin From Net: NetName=LCD_LEDK Pin=J2-P$47
Removed Pin From Net: NetName=LCD_LEDK Pin=J2-P$48
Removed Pin From Net: NetName=LCD_LEDA Pin=J2-P$49
Removed Pin From Net: NetName=LCD_LEDA Pin=J2-P$50
Removed Pin From Net: NetName=GND Pin=J3-A1
Removed Pin From Net: NetName=VBUS Pin=J3-A4
Removed Pin From Net: NetName=N$11 Pin=J3-A5
Removed Pin From Net: NetName=D+ Pin=J3-A6
Removed Pin From Net: NetName=D- Pin=J3-A7
Removed Pin From Net: NetName=VBUS Pin=J3-A9
Removed Pin From Net: NetName=GND Pin=J3-A12
Removed Pin From Net: NetName=GND Pin=J3-B1
Removed Pin From Net: NetName=VBUS Pin=J3-B4
Removed Pin From Net: NetName=N$17 Pin=J3-B5
Removed Pin From Net: NetName=D+ Pin=J3-B6
Removed Pin From Net: NetName=D- Pin=J3-B7
Removed Pin From Net: NetName=VBUS Pin=J3-B9
Removed Pin From Net: NetName=GND Pin=J3-B12
Removed Pin From Net: NetName=GND Pin=J3-P$6
Removed Pin From Net: NetName=GND Pin=J3-P$7
Removed Pin From Net: NetName=GND Pin=J3-P$8
Removed Pin From Net: NetName=GND Pin=J3-P$9
Removed Pin From Net: NetName=GND Pin=J4-1
Removed Pin From Net: NetName=3V3 Pin=J4-2
Removed Pin From Net: NetName=IO38_D Pin=J4-4
Removed Pin From Net: NetName=N$15 Pin=J5-P$1
Removed Pin From Net: NetName=N$3 Pin=J5-P$2
Removed Pin From Net: NetName=GND Pin=J5-P$3
Removed Pin From Net: NetName=GND Pin=J5-P$4
Removed Pin From Net: NetName=IO38_D Pin=J7-1
Removed Pin From Net: NetName=3V3 Pin=J7-3
Removed Pin From Net: NetName=GND Pin=J7-4
Removed Pin From Net: NetName=GND Pin=J7-SS1
Removed Pin From Net: NetName=GND Pin=J7-SS2
Removed Pin From Net: NetName=UART0_RXD0 Pin=J10-1
Removed Pin From Net: NetName=UART0_TXD0 Pin=J10-2
Removed Pin From Net: NetName=3V3 Pin=J10-3
Removed Pin From Net: NetName=GND Pin=J10-4
Removed Pin From Net: NetName=GND Pin=J10-SS1
Removed Pin From Net: NetName=GND Pin=J10-SS2
Removed Pin From Net: NetName=GND Pin=K1-1
Removed Pin From Net: NetName=IO0_BOOT_CLK Pin=K1-2
Removed Pin From Net: NetName=GND Pin=K4-1
Removed Pin From Net: NetName=ESP32_RESET Pin=K4-2
Removed Pin From Net: NetName=VIN Pin=L1-1
Removed Pin From Net: NetName=N$9 Pin=L1-2
Removed Pin From Net: NetName=N$13 Pin=L4-1
Removed Pin From Net: NetName=3V3 Pin=L4-2
Removed Pin From Net: NetName=VIN2 Pin=L5-1
Removed Pin From Net: NetName=N$16 Pin=L5-2
Removed Pin From Net: NetName=N$1 Pin=LED1-+
Removed Pin From Net: NetName=GND Pin=LED1--
Removed Pin From Net: NetName=IO20_I2C_SCL Pin=P2-1
Removed Pin From Net: NetName=IO19_I2C_SDA Pin=P2-2
Removed Pin From Net: NetName=IO38_D Pin=P2-3
Removed Pin From Net: NetName=GND Pin=P2-4
Removed Pin From Net: NetName=3V3 Pin=P2-5
Removed Pin From Net: NetName=RESET Pin=P2-6
Removed Pin From Net: NetName=GND Pin=P2-7
Removed Pin From Net: NetName=GND Pin=P2-8
Removed Pin From Net: NetName=IO20_I2C_SCL Pin=P4-1
Removed Pin From Net: NetName=IO19_I2C_SDA Pin=P4-2
Removed Pin From Net: NetName=IO38_D Pin=P4-3
Removed Pin From Net: NetName=GND Pin=P4-4
Removed Pin From Net: NetName=3V3 Pin=P4-5
Removed Pin From Net: NetName=RESET Pin=P4-6
Removed Pin From Net: NetName=GND Pin=P4-7
Removed Pin From Net: NetName=GND Pin=P4-8
Removed Pin From Net: NetName=AVDD_10V Pin=Q1-1
Removed Pin From Net: NetName=N$29 Pin=Q1-2
Removed Pin From Net: NetName=N$10 Pin=Q1-3
Removed Pin From Net: NetName=N$30 Pin=Q2-1
Removed Pin From Net: NetName=GND Pin=Q2-2
Removed Pin From Net: NetName=N$24 Pin=Q2-3
Removed Pin From Net: NetName=N$23 Pin=Q5-1
Removed Pin From Net: NetName=GND Pin=Q5-2
Removed Pin From Net: NetName=N$36 Pin=Q5-3
Removed Pin From Net: NetName=N$36 Pin=Q30-1
Removed Pin From Net: NetName=VIN Pin=Q30-2
Removed Pin From Net: NetName=VIN2 Pin=Q30-3
Removed Pin From Net: NetName=AVDD_10V Pin=R1-1
Removed Pin From Net: NetName=N$7 Pin=R1-2
Removed Pin From Net: NetName=N$7 Pin=R2-1
Removed Pin From Net: NetName=GND Pin=R2-2
Removed Pin From Net: NetName=N$1 Pin=R3-1
Removed Pin From Net: NetName=3V3 Pin=R3-2
Removed Pin From Net: NetName=I2S_SDIN Pin=R4-1
Removed Pin From Net: NetName=IO17_I2S_SDIN Pin=R4-2
Removed Pin From Net: NetName=3V3 Pin=R5-1
Removed Pin From Net: NetName=IO38_D Pin=R5-2
Removed Pin From Net: NetName=N$30 Pin=R6-1
Removed Pin From Net: NetName=VGL-8.2V Pin=R6-2
Removed Pin From Net: NetName=N$29 Pin=R7-1
Removed Pin From Net: NetName=VGH+18V Pin=R7-2
Removed Pin From Net: NetName=D- Pin=R8-1
Removed Pin From Net: NetName=USB_D- Pin=R8-2
Removed Pin From Net: NetName=D+ Pin=R9-1
Removed Pin From Net: NetName=USB_D+ Pin=R9-2
Removed Pin From Net: NetName=3V3 Pin=R10-1
Removed Pin From Net: NetName=VDD Pin=R10-2
Removed Pin From Net: NetName=N$23 Pin=R11-1
Removed Pin From Net: NetName=IO2_LCD_BL_CTR Pin=R11-2
Removed Pin From Net: NetName=LRCLK Pin=R12-1
Removed Pin From Net: NetName=IO18_I2S_LRCLK Pin=R12-2
Removed Pin From Net: NetName=GND Pin=R13-1
Removed Pin From Net: NetName=N$11 Pin=R13-2
Removed Pin From Net: NetName=N$17 Pin=R14-1
Removed Pin From Net: NetName=GND Pin=R14-2
Removed Pin From Net: NetName=GND Pin=R15-1
Removed Pin From Net: NetName=VBUS Pin=R15-2
Removed Pin From Net: NetName=3V3 Pin=R16-1
Removed Pin From Net: NetName=N$47 Pin=R16-2
Removed Pin From Net: NetName=N$48 Pin=R17-2
Removed Pin From Net: NetName=3V3 Pin=R18-1
Removed Pin From Net: NetName=ESP32_RESET Pin=R18-2
Removed Pin From Net: NetName=I2S_BCLK Pin=R19-1
Removed Pin From Net: NetName=IO42-I2S_BCLK Pin=R19-2
Removed Pin From Net: NetName=N$20 Pin=R20-2
Removed Pin From Net: NetName=N$20 Pin=R21-1
Removed Pin From Net: NetName=GND Pin=R21-2
Removed Pin From Net: NetName=I2S_CTRL Pin=R22-1
Removed Pin From Net: NetName=3V3 Pin=R22-2
Removed Pin From Net: NetName=3V3 Pin=R23-1
Removed Pin From Net: NetName=IO11_TF_SPI_MOSI/TP_DIN Pin=R23-2
Removed Pin From Net: NetName=3V3 Pin=R24-1
Removed Pin From Net: NetName=IO13_TF_SPI_MISO/TP_OUT Pin=R24-2
Removed Pin From Net: NetName=3V3 Pin=R25-1
Removed Pin From Net: NetName=N$2 Pin=R25-2
Removed Pin From Net: NetName=3V3 Pin=R26-1
Removed Pin From Net: NetName=N$4 Pin=R26-2
Removed Pin From Net: NetName=VGH+18V Pin=R27-1
Removed Pin From Net: NetName=GND Pin=R27-2
Removed Pin From Net: NetName=VGL-8.2V Pin=R28-1
Removed Pin From Net: NetName=GND Pin=R28-2
Removed Pin From Net: NetName=LCD_LEDK Pin=R29-1
Removed Pin From Net: NetName=GND Pin=R29-2
Removed Pin From Net: NetName=GND Pin=R31-1
Removed Pin From Net: NetName=IO45_R7 Pin=R31-2
Removed Pin From Net: NetName=U/D Pin=R32-1
Removed Pin From Net: NetName=3V3 Pin=R32-2
Removed Pin From Net: NetName=U/D Pin=R33-2
Removed Pin From Net: NetName=L/R Pin=R34-1
Removed Pin From Net: NetName=3V3 Pin=R34-2
Removed Pin From Net: NetName=L/R Pin=R35-2
Removed Pin From Net: NetName=N$12 Pin=R36-1
Removed Pin From Net: NetName=3V3 Pin=R36-2
Removed Pin From Net: NetName=GND Pin=R37-1
Removed Pin From Net: NetName=N$12 Pin=R37-2
Removed Pin From Net: NetName=IO0_BOOT_CLK Pin=R38-1
Removed Pin From Net: NetName=N$14 Pin=R39-1
Removed Pin From Net: NetName=3V3 Pin=R39-2
Removed Pin From Net: NetName=ESP32_RESET Pin=R40-1
Removed Pin From Net: NetName=RESET Pin=R40-2
Removed Pin From Net: NetName=IO19_I2C_SDA Pin=R41-1
Removed Pin From Net: NetName=3V3 Pin=R41-2
Removed Pin From Net: NetName=IO20_I2C_SCL Pin=R42-1
Removed Pin From Net: NetName=3V3 Pin=R42-2
Removed Pin From Net: NetName=VIN Pin=R50-1
Removed Pin From Net: NetName=VDD Pin=R50-2
Removed Pin From Net: NetName=GND Pin=R58-1
Removed Pin From Net: NetName=N$23 Pin=R58-2
Removed Pin From Net: NetName=3V3 Pin=R67-1
Removed Pin From Net: NetName=IO10_TF_CS Pin=R67-2
Removed Pin From Net: NetName=UART0_TXD0 Pin=R71-1
Removed Pin From Net: NetName=N$42 Pin=R71-2
Removed Pin From Net: NetName=UART0_RXD0 Pin=R72-1
Removed Pin From Net: NetName=N$40 Pin=R72-2
Removed Pin From Net: NetName=VIN Pin=R172-1
Removed Pin From Net: NetName=N$36 Pin=R172-2
Removed Pin From Net: NetName=N$47 Pin=SD1-1
Removed Pin From Net: NetName=IO10_TF_CS Pin=SD1-2
Removed Pin From Net: NetName=IO11_TF_SPI_MOSI/TP_DIN Pin=SD1-3
Removed Pin From Net: NetName=3V3 Pin=SD1-4
Removed Pin From Net: NetName=IO12_TF_CLK/TP_CLK Pin=SD1-5
Removed Pin From Net: NetName=GND Pin=SD1-6
Removed Pin From Net: NetName=IO13_TF_SPI_MISO/TP_OUT Pin=SD1-7
Removed Pin From Net: NetName=N$48 Pin=SD1-8
Removed Pin From Net: NetName=GND Pin=SD1-G1
Removed Pin From Net: NetName=GND Pin=SD1-G2
Removed Pin From Net: NetName=GND Pin=SD1-G3
Removed Pin From Net: NetName=GND Pin=SD1-G4
Removed Pin From Net: NetName=VIN Pin=U1-1
Removed Pin From Net: NetName=GND Pin=U1-2
Removed Pin From Net: NetName=N$13 Pin=U1-3
Removed Pin From Net: NetName=VIN Pin=U1-4
Removed Pin From Net: NetName=N$20 Pin=U1-5
Removed Pin From Net: NetName=GND Pin=U2-1
Removed Pin From Net: NetName=3V3 Pin=U2-2
Removed Pin From Net: NetName=ESP32_RESET Pin=U2-3
Removed Pin From Net: NetName=IO4_B7 Pin=U2-4
Removed Pin From Net: NetName=IO5_B6 Pin=U2-5
Removed Pin From Net: NetName=IO6_B5 Pin=U2-6
Removed Pin From Net: NetName=IO7_B4 Pin=U2-7
Removed Pin From Net: NetName=IO15_B3 Pin=U2-8
Removed Pin From Net: NetName=IO16_G6 Pin=U2-9
Removed Pin From Net: NetName=IO17_I2S_SDIN Pin=U2-10
Removed Pin From Net: NetName=IO18_I2S_LRCLK Pin=U2-11
Removed Pin From Net: NetName=IO8_G5 Pin=U2-12
Removed Pin From Net: NetName=IO19_I2C_SDA Pin=U2-13
Removed Pin From Net: NetName=IO20_I2C_SCL Pin=U2-14
Removed Pin From Net: NetName=IO3_G4 Pin=U2-15
Removed Pin From Net: NetName=IO46_G3 Pin=U2-16
Removed Pin From Net: NetName=IO9_G2 Pin=U2-17
Removed Pin From Net: NetName=IO10_TF_CS Pin=U2-18
Removed Pin From Net: NetName=IO11_TF_SPI_MOSI/TP_DIN Pin=U2-19
Removed Pin From Net: NetName=IO12_TF_CLK/TP_CLK Pin=U2-20
Removed Pin From Net: NetName=IO13_TF_SPI_MISO/TP_OUT Pin=U2-21
Removed Pin From Net: NetName=IO14_R3 Pin=U2-22
Removed Pin From Net: NetName=IO21_R4 Pin=U2-23
Removed Pin From Net: NetName=IO47_R5 Pin=U2-24
Removed Pin From Net: NetName=IO48_R6 Pin=U2-25
Removed Pin From Net: NetName=IO45_R7 Pin=U2-26
Removed Pin From Net: NetName=IO0_BOOT_CLK Pin=U2-27
Removed Pin From Net: NetName=IO38_D Pin=U2-31
Removed Pin From Net: NetName=IO39_HSYNC Pin=U2-32
Removed Pin From Net: NetName=IO40_VSYNC Pin=U2-33
Removed Pin From Net: NetName=IO41_DE Pin=U2-34
Removed Pin From Net: NetName=IO42-I2S_BCLK Pin=U2-35
Removed Pin From Net: NetName=UART0_RXD0 Pin=U2-36
Removed Pin From Net: NetName=UART0_TXD0 Pin=U2-37
Removed Pin From Net: NetName=IO2_LCD_BL_CTR Pin=U2-38
Removed Pin From Net: NetName=IO1_G7 Pin=U2-39
Removed Pin From Net: NetName=GND Pin=U2-40
Removed Pin From Net: NetName=GND Pin=U2-41
Removed Pin From Net: NetName=GND Pin=U2-42
Removed Pin From Net: NetName=GND Pin=U2-43
Removed Pin From Net: NetName=GND Pin=U2-44
Removed Pin From Net: NetName=GND Pin=U2-45
Removed Pin From Net: NetName=GND Pin=U2-46
Removed Pin From Net: NetName=GND Pin=U2-47
Removed Pin From Net: NetName=GND Pin=U2-48
Removed Pin From Net: NetName=GND Pin=U2-49
Removed Pin From Net: NetName=N$16 Pin=U4-1
Removed Pin From Net: NetName=GND Pin=U4-2
Removed Pin From Net: NetName=LCD_LEDK Pin=U4-3
Removed Pin From Net: NetName=IO2_LCD_BL_CTR Pin=U4-4
Removed Pin From Net: NetName=LCD_LEDA Pin=U4-5
Removed Pin From Net: NetName=VIN2 Pin=U4-6
Removed Pin From Net: NetName=N$9 Pin=U5-1
Removed Pin From Net: NetName=GND Pin=U5-2
Removed Pin From Net: NetName=N$7 Pin=U5-3
Removed Pin From Net: NetName=VIN Pin=U5-4
Removed Pin From Net: NetName=VIN Pin=U5-5
Removed Pin From Net: NetName=N$40 Pin=U6-2
Removed Pin From Net: NetName=N$42 Pin=U6-3
Removed Pin From Net: NetName=3V3 Pin=U6-4
Removed Pin From Net: NetName=USB_D+ Pin=U6-5
Removed Pin From Net: NetName=USB_D- Pin=U6-6
Removed Pin From Net: NetName=3V3 Pin=U6-16
Removed Pin From Net: NetName=VIN Pin=U8-P$1
Removed Pin From Net: NetName=VIN Pin=U8-P$2
Removed Pin From Net: NetName=VIN Pin=U8-P$3
Removed Pin From Net: NetName=VBUS Pin=U8-P$4
Removed Pin From Net: NetName=BAT+ Pin=U8-P$5
Removed Pin From Net: NetName=BAT+ Pin=U8-P$6
Removed Pin From Net: NetName=BAT+ Pin=U8-P$7
Removed Pin From Net: NetName=BAT+ Pin=U8-P$8
Removed Pin From Net: NetName=I2S_CTRL Pin=U11-1
Removed Pin From Net: NetName=LRCLK Pin=U11-2
Removed Pin From Net: NetName=I2S_BCLK Pin=U11-3
Removed Pin From Net: NetName=I2S_SDIN Pin=U11-4
Removed Pin From Net: NetName=N$8 Pin=U11-5
Removed Pin From Net: NetName=VDD Pin=U11-6
Removed Pin From Net: NetName=GND Pin=U11-7
Removed Pin From Net: NetName=N$6 Pin=U11-8
Removed Pin From Net: NetName=GND Pin=U11-9
Change Component Footprint: Designator=J4 Old Footprint=2.54-4P-WOTIE New Footprint=AMPHENOL_GTFP08131Y2HR
Change Component Footprint: Designator=J2 Old Footprint=7.0-DAINRONG-50PIN-0.5MM New Footprint=AMPHENOL_F32D-1A7Y1-21050
Change Component Footprint: Designator=D3 Old Footprint=214AB New Footprint=D_0805-GREEN
Change Component Footprint: Designator=D1 Old Footprint=214AB New Footprint=DIOM5436X247N
Change Component Footprint: Designator=D6 Old Footprint=214AB New Footprint=SOD_123
Change Component Footprint: Designator=C11 Old Footprint=0603 New Footprint=C_0805-3D
Change Component Footprint: Designator=C15 Old Footprint=0603 New Footprint=C_0805-3D
Change Component Footprint: Designator=C17 Old Footprint=0603 New Footprint=C_0805-3D
Change Component Footprint: Designator=C18 Old Footprint=0603 New Footprint=C_0805-3D
Change Component Footprint: Designator=C21 Old Footprint=0603 New Footprint=C_0805-3D
Change Component Footprint: Designator=C26 Old Footprint=0603 New Footprint=C_0805-3D
Change Component Footprint: Designator=C27 Old Footprint=0603 New Footprint=C_0805-3D
Change Component Footprint: Designator=C34 Old Footprint=0603 New Footprint=C_0805-3D
Change Component Footprint: Designator=C7 Old Footprint=0805 New Footprint=C_0805-3D
Change Component Footprint: Designator=C19 Old Footprint=0805 New Footprint=C_0805-3D
Change Component Footprint: Designator=C23 Old Footprint=0805 New Footprint=C_0805-3D
Change Component Footprint: Designator=C25 Old Footprint=0805 New Footprint=C_0805-3D
Change Component Footprint: Designator=C32 Old Footprint=0805 New Footprint=C_0805-3D
Change Component Footprint: Designator=U1 Old Footprint=A_XBJ_SOT23-5 New Footprint=ESP32S3WROOM1N4R2
Change Component Footprint: Designator=C2 Old Footprint=C0603 New Footprint=C_0805-3D
Change Component Footprint: Designator=C4 Old Footprint=C0603 New Footprint=C_0805-3D
Change Component Footprint: Designator=C5 Old Footprint=C0603 New Footprint=C_0805-3D
Change Component Footprint: Designator=C13 Old Footprint=C0603 New Footprint=C_0805-3D
Change Component Footprint: Designator=C14 Old Footprint=C0603 New Footprint=C_0805-3D
Change Component Footprint: Designator=C16 Old Footprint=C0603 New Footprint=C_0805-3D
Change Component Footprint: Designator=C20 Old Footprint=C0603 New Footprint=C_0805-3D
Change Component Footprint: Designator=C22 Old Footprint=C0603 New Footprint=C_0805-3D
Change Component Footprint: Designator=C24 Old Footprint=C0603 New Footprint=C_0805-3D
Change Component Footprint: Designator=C33 Old Footprint=C0603 New Footprint=C_0805-3D
Change Component Footprint: Designator=L1 Old Footprint=CD54 New Footprint=IND_B82477R4682M100
Change Component Footprint: Designator=J7 Old Footprint=CONNECTOR_4P-SMD-2.0-90D New Footprint=620102131822
Change Component Footprint: Designator=J10 Old Footprint=CONNECTOR_4P-SMD-2.0-90D New Footprint=620102131822
Change Component Footprint: Designator=C1 Old Footprint=DISCRETE_C0603 New Footprint=C_0805-3D
Change Component Footprint: Designator=C29 Old Footprint=DISCRETE_C0603 New Footprint=C_0805-3D
Change Component Footprint: Designator=C31 Old Footprint=DISCRETE_C0603 New Footprint=C_0805-3D
Change Component Footprint: Designator=R1 Old Footprint=DISCRETE_R0603 New Footprint=R_0805
Change Component Footprint: Designator=R2 Old Footprint=DISCRETE_R0603 New Footprint=R_0805
Change Component Footprint: Designator=R3 Old Footprint=DISCRETE_R0603 New Footprint=R_0805
Change Component Footprint: Designator=R4 Old Footprint=DISCRETE_R0603 New Footprint=R_0805
Change Component Footprint: Designator=R6 Old Footprint=DISCRETE_R0603 New Footprint=R_0805
Change Component Footprint: Designator=R10 Old Footprint=DISCRETE_R0603 New Footprint=R_0805
Change Component Footprint: Designator=R12 Old Footprint=DISCRETE_R0603 New Footprint=R_0805
Change Component Footprint: Designator=R13 Old Footprint=DISCRETE_R0603 New Footprint=R_0805
Change Component Footprint: Designator=R14 Old Footprint=DISCRETE_R0603 New Footprint=R_0805
Change Component Footprint: Designator=R15 Old Footprint=DISCRETE_R0603 New Footprint=R_0805
Change Component Footprint: Designator=R16 Old Footprint=DISCRETE_R0603 New Footprint=R_0805
Change Component Footprint: Designator=R18 Old Footprint=DISCRETE_R0603 New Footprint=R_0805
Change Component Footprint: Designator=R22 Old Footprint=DISCRETE_R0603 New Footprint=R_0805
Change Component Footprint: Designator=R23 Old Footprint=DISCRETE_R0603 New Footprint=R_0805
Change Component Footprint: Designator=R24 Old Footprint=DISCRETE_R0603 New Footprint=R_0805
Change Component Footprint: Designator=R25 Old Footprint=DISCRETE_R0603 New Footprint=R_0805
Change Component Footprint: Designator=R27 Old Footprint=DISCRETE_R0603 New Footprint=R_0805
Change Component Footprint: Designator=R28 Old Footprint=DISCRETE_R0603 New Footprint=R_0805
Change Component Footprint: Designator=R29 Old Footprint=DISCRETE_R0603 New Footprint=R_0805
Change Component Footprint: Designator=R32 Old Footprint=DISCRETE_R0603 New Footprint=R_0805
Change Component Footprint: Designator=R33 Old Footprint=DISCRETE_R0603 New Footprint=R_0805
Change Component Footprint: Designator=R34 Old Footprint=DISCRETE_R0603 New Footprint=R_0805
Change Component Footprint: Designator=R35 Old Footprint=DISCRETE_R0603 New Footprint=R_0805
Change Component Footprint: Designator=R36 Old Footprint=DISCRETE_R0603 New Footprint=R_0805
Change Component Footprint: Designator=R37 Old Footprint=DISCRETE_R0603 New Footprint=R_0805
Change Component Footprint: Designator=R39 Old Footprint=DISCRETE_R0603 New Footprint=R_0805
Change Component Footprint: Designator=R41 Old Footprint=DISCRETE_R0603 New Footprint=R_0805
Change Component Footprint: Designator=R42 Old Footprint=DISCRETE_R0603 New Footprint=R_0805
Change Component Footprint: Designator=R50 Old Footprint=DISCRETE_R0603 New Footprint=R_0805
Change Component Footprint: Designator=D2 Old Footprint=DISCRETE_SOD123 New Footprint=D_0805-RED
Change Component Footprint: Designator=D4 Old Footprint=DISCRETE_SOD123 New Footprint=SS56B-HF DO-214AA (SMB)
Change Component Footprint: Designator=U2 Old Footprint=ESP32-S3 New Footprint=SOT95P280X145-5N
Change Component Footprint: Designator=J3 Old Footprint=KEVIN_3.0TYPEC-SMD New Footprint=SOP-4-2.54MM
Change Component Footprint: Designator=U5 Old Footprint=LP3318_SOT23-5 New Footprint=SOT229P700X180-4N
Change Component Footprint: Designator=J1 Old Footprint=PH2.0WT-2PIN New Footprint=68710614022
Change Component Footprint: Designator=J5 Old Footprint=PH2.0WT-2PIN New Footprint=SOP-4-2.54MM
Change Component Footprint: Designator=R26 Old Footprint=R0603 New Footprint=R_0805
Change Component Footprint: Designator=R31 Old Footprint=R0603 New Footprint=R_0805
Change Component Footprint: Designator=R38 Old Footprint=R0603 New Footprint=R_0805
Change Component Footprint: Designator=R40 Old Footprint=R0603 New Footprint=R_0805
Change Component Footprint: Designator=U8 Old Footprint=SOP8 New Footprint=SOT95P280X145-6N
Change Component Footprint: Designator=U6 Old Footprint=SOP-16 New Footprint=SOIC127P600X180-16N
Change Component Footprint: Designator=Q1 Old Footprint=SOT23-3 New Footprint=SOT-23
Change Component Footprint: Designator=Q2 Old Footprint=SOT23-3 New Footprint=SOT-23
Change Component Comment : Designator=J7 Old Comment= New Comment=HEADER-2P
Change Component Comment : Designator=J10 Old Comment= New Comment=HEADER-2P
Change Component Comment : Designator=J4 Old Comment= New Comment=SD-micro-GTFP08131Y2HR
Change Component Comment : Designator=R19 Old Comment=0R New Comment=10K
Change Component Comment : Designator=R25 Old Comment=0R New Comment=10K
Change Component Comment : Designator=R12 Old Comment=0R New Comment=75k
Change Component Comment : Designator=R10 Old Comment=0R New Comment=82
Change Component Comment : Designator=R40 Old Comment=0R New Comment=220
Change Component Comment : Designator=R4 Old Comment=0R New Comment=470
Change Component Comment : Designator=R50 Old Comment=0R/NC New Comment=10.5K
Change Component Comment : Designator=R6 Old Comment=1K New Comment=2K
Change Component Comment : Designator=R7 Old Comment=1K New Comment=200k
Change Component Comment : Designator=C14 Old Comment=1nF New Comment=capacitor caramico
Change Component Comment : Designator=C16 Old Comment=1nF New Comment=capacitor caramico
Change Component Comment : Designator=C3 Old Comment=1uF New Comment=10uF/5V
Change Component Comment : Designator=C6 Old Comment=1uF New Comment=10uF/5V
Change Component Comment : Designator=C8 Old Comment=1uF New Comment=47uF/5V
Change Component Comment : Designator=C12 Old Comment=1uF New Comment=100nF
Change Component Comment : Designator=C30 Old Comment=1uF New Comment=100nF
Change Component Comment : Designator=C15 Old Comment=1uF New Comment=capacitor caramico
Change Component Comment : Designator=C18 Old Comment=1uF New Comment=capacitor caramico
Change Component Comment : Designator=C29 Old Comment=1uF New Comment=capacitor caramico
Change Component Comment : Designator=R41 Old Comment=4.7K New Comment=1K
Change Component Comment : Designator=R42 Old Comment=4.7K New Comment=220
Change Component Comment : Designator=R3 Old Comment=4.7K New Comment=470
Change Component Comment : Designator=C11 Old Comment=4.7uF New Comment=1uF
Change Component Comment : Designator=R14 Old Comment=5.1K New Comment=1k
Change Component Comment : Designator=R13 Old Comment=5.1K New Comment=220
Change Component Comment : Designator=L1 Old Comment=5.6UH New Comment=6.8µH
Change Component Comment : Designator=J2 Old Comment=7.0-DIANRONG-50PIN-0.5MM New Comment=F32D-1A7Y1-21050
Change Component Comment : Designator=R2 Old Comment=10.5K New Comment=10R 5%
Change Component Comment : Designator=R16 Old Comment=10K New Comment=1K
Change Component Comment : Designator=R23 Old Comment=10K New Comment=1K
Change Component Comment : Designator=R18 Old Comment=10K New Comment=10R 5%
Change Component Comment : Designator=R24 Old Comment=10K New Comment=100K
Change Component Comment : Designator=R15 Old Comment=10K New Comment=220
Change Component Comment : Designator=R31 Old Comment=10K/NC New Comment=10K
Change Component Comment : Designator=R32 Old Comment=10K/NC New Comment=10K
Change Component Comment : Designator=R35 Old Comment=10K/NC New Comment=10K
Change Component Comment : Designator=R37 Old Comment=10K/NC New Comment=10K
Change Component Comment : Designator=R39 Old Comment=10K/NC New Comment=10K N/C
Change Component Comment : Designator=R5 Old Comment=10K/NC New Comment=100
Change Component Comment : Designator=R29 Old Comment=10R 1% New Comment=10K
Change Component Comment : Designator=C31 Old Comment=10uF New Comment=100uF
Change Component Comment : Designator=R8 Old Comment=22R New Comment=1K
Change Component Comment : Designator=R9 Old Comment=22R New Comment=100k
Change Component Comment : Designator=C7 Old Comment=22uF New Comment=4.7uF/5V
Change Component Comment : Designator=C10 Old Comment=22uF New Comment=100nF
Change Component Comment : Designator=C19 Old Comment=22uF New Comment=capacitor caramico
Change Component Comment : Designator=C23 Old Comment=22uF New Comment=capacitor caramico
Change Component Comment : Designator=R20 Old Comment=45.3K New Comment=10K
Change Component Comment : Designator=R27 Old Comment=47K New Comment=10.5K
Change Component Comment : Designator=R28 Old Comment=47K New Comment=100R
Change Component Comment : Designator=C25 Old Comment=47uF New Comment=capacitor caramico
Change Component Comment : Designator=R1 Old Comment=75K New Comment=470
Change Component Comment : Designator=R22 Old Comment=100K New Comment=10.5K
Change Component Comment : Designator=C21 Old Comment=100nF New Comment=1uF
Change Component Comment : Designator=C2 Old Comment=100nF New Comment=4.7uF/5V
Change Component Comment : Designator=C28 Old Comment=100NF New Comment=10uF/5V
Change Component Comment : Designator=C13 Old Comment=100nF New Comment=10uF
Change Component Comment : Designator=C9 Old Comment=100nF New Comment=47uF/5V
Change Component Comment : Designator=C4 Old Comment=100nF New Comment=100uF
Change Component Comment : Designator=C17 Old Comment=100nF New Comment=capacitor caramico
Change Component Comment : Designator=C20 Old Comment=100nF New Comment=capacitor caramico
Change Component Comment : Designator=C24 Old Comment=100nF New Comment=capacitor caramico
Change Component Comment : Designator=C26 Old Comment=100nF New Comment=capacitor caramico
Change Component Comment : Designator=C27 Old Comment=100NF New Comment=capacitor caramico
Change Component Comment : Designator=C33 Old Comment=100nF New Comment=capacitor caramico
Change Component Comment : Designator=C34 Old Comment=100nF New Comment=capacitor caramico
Change Component Comment : Designator=R11 Old Comment=100R New Comment=10K
Change Component Comment : Designator=U8 Old Comment=AO4407A_PMOS New Comment=MT3608
Change Component Comment : Designator=Q1 Old Comment=BAT54S New Comment=S8050
Change Component Comment : Designator=Q2 Old Comment=BAT54S New Comment=S8050
Change Component Comment : Designator=D4 Old Comment=BZT52C-8.2V New Comment=SS56B-HF
Change Component Comment : Designator=D2 Old Comment=BZT52C-18V New Comment=RED
Change Component Comment : Designator=U6 Old Comment=CH340C New Comment=CH340G
Change Component Comment : Designator=U2 Old Comment=ESP32-S New Comment=MCP73831T-2ACI/OT
Change Component Comment : Designator=U5 Old Comment=LP3318 New Comment=AMS1117
Change Component Comment : Designator=U4 Old Comment=MT9201 New Comment=FS8205A
Change Component Comment : Designator=J1 Old Comment=PH2.0WT-2PIN New Comment=FPC-6PIN-0.5MM
Change Component Comment : Designator=J5 Old Comment=PH2.0WT-2PIN New Comment=TLP185
Change Component Comment : Designator=U1 Old Comment=RY3420 New Comment=ESP32-S3-WROOM-1-N4R2
Change Component Comment : Designator=Q5 Old Comment=S8050 New Comment=MJD122
Change Component Comment : Designator=D3 Old Comment=SS24/SMB New Comment=GREEN
Change Component Comment : Designator=D6 Old Comment=SS24B/SMB New Comment=
Change Component Comment : Designator=D1 Old Comment=SS24B/SMB New Comment=MBRS360BT3G
Change Component Comment : Designator=J3 Old Comment=USB_TYPE-C_16PIN3.0USB New Comment=TLP185
Change component parameters: Designator = "J4"; Footprint = "AMPHENOL_GTFP08131Y2HR"; UniqueID = "\FCCSUQOT"
Change component parameters. Clean all parameters for all variants
Change component parameters (AddParameter): Name = "MF"; Value = "GTFP08131Y2HR"; VariantName = "[No Variations]"
Change component parameters: Designator = "C3"; Footprint = "CT_0805"; UniqueID = "\WCBUPVLH"
Change component parameters. Clean all parameters for all variants
Change component parameters (AddParameter): Name = "Value"; Value = "10uF/5V"; VariantName = "[No Variations]"
Change component parameters: Designator = "C6"; Footprint = "CT_0805"; UniqueID = "\CIYAAILX"
Change component parameters. Clean all parameters for all variants
Change component parameters (AddParameter): Name = "Value"; Value = "10uF/5V"; VariantName = "[No Variations]"
Change component parameters: Designator = "C8"; Footprint = "CT_0805"; UniqueID = "\SIUOJOTV"
Change component parameters. Clean all parameters for all variants
Change component parameters (AddParameter): Name = "Value"; Value = "47uF/5V"; VariantName = "[No Variations]"
Change component parameters: Designator = "C9"; Footprint = "CT_0805"; UniqueID = "\YUUHXUVX"
Change component parameters. Clean all parameters for all variants
Change component parameters (AddParameter): Name = "Value"; Value = "47uF/5V"; VariantName = "[No Variations]"
Change component parameters: Designator = "C10"; Footprint = "C_0805"; UniqueID = "\BJFDFKFQ"
Change component parameters. Clean all parameters for all variants
Change component parameters (AddParameter): Name = "Value"; Value = "100nF"; VariantName = "[No Variations]"
Change component parameters: Designator = "C12"; Footprint = "C_0805"; UniqueID = "\XFVVKMAX"
Change component parameters. Clean all parameters for all variants
Change component parameters (AddParameter): Name = "Value"; Value = "100nF"; VariantName = "[No Variations]"
Change component parameters: Designator = "C14"; Footprint = "C_0805-3D"; UniqueID = "\RCYJVTGL"
Change component parameters. Clean all parameters for all variants
Change component parameters (AddParameter): Name = "value"; Value = "22uF"; VariantName = "[No Variations]"
Change component parameters: Designator = "C15"; Footprint = "C_0805-3D"; UniqueID = "\PADEMXOI"
Change component parameters. Clean all parameters for all variants
Change component parameters (AddParameter): Name = "value"; Value = "22uF"; VariantName = "[No Variations]"
Change component parameters: Designator = "C16"; Footprint = "C_0805-3D"; UniqueID = "\RHMFJVCA"
Change component parameters. Clean all parameters for all variants
Change component parameters (AddParameter): Name = "value"; Value = "22uF"; VariantName = "[No Variations]"
Change component parameters: Designator = "C17"; Footprint = "C_0805-3D"; UniqueID = "\NYFFUMEF"
Change component parameters. Clean all parameters for all variants
Change component parameters (AddParameter): Name = "value"; Value = "22uF"; VariantName = "[No Variations]"
Change component parameters: Designator = "C18"; Footprint = "C_0805-3D"; UniqueID = "\DMHPDOMT"
Change component parameters. Clean all parameters for all variants
Change component parameters (AddParameter): Name = "value"; Value = "22uF"; VariantName = "[No Variations]"
Change component parameters: Designator = "C19"; Footprint = "C_0805-3D"; UniqueID = "\OIEVEWOH"
Change component parameters. Clean all parameters for all variants
Change component parameters (AddParameter): Name = "value"; Value = "1uF"; VariantName = "[No Variations]"
Change component parameters: Designator = "C20"; Footprint = "C_0805-3D"; UniqueID = "\XJJCAOFN"
Change component parameters. Clean all parameters for all variants
Change component parameters (AddParameter): Name = "value"; Value = "22uF"; VariantName = "[No Variations]"
Change component parameters: Designator = "C23"; Footprint = "C_0805-3D"; UniqueID = "\HXFFRCYA"
Change component parameters. Clean all parameters for all variants
Change component parameters (AddParameter): Name = "value"; Value = "1uF"; VariantName = "[No Variations]"
Change component parameters: Designator = "C24"; Footprint = "C_0805-3D"; UniqueID = "\XHEIXHAS"
Change component parameters. Clean all parameters for all variants
Change component parameters (AddParameter): Name = "value"; Value = "100nF"; VariantName = "[No Variations]"
Change component parameters: Designator = "C25"; Footprint = "C_0805-3D"; UniqueID = "\KWCMJRLH"
Change component parameters. Clean all parameters for all variants
Change component parameters (AddParameter): Name = "value"; Value = "22uF"; VariantName = "[No Variations]"
Change component parameters: Designator = "C26"; Footprint = "C_0805-3D"; UniqueID = "\NKAUYKRJ"
Change component parameters. Clean all parameters for all variants
Change component parameters (AddParameter): Name = "value"; Value = "22uF"; VariantName = "[No Variations]"
Change component parameters: Designator = "C27"; Footprint = "C_0805-3D"; UniqueID = "\UNVBPQNI"
Change component parameters. Clean all parameters for all variants
Change component parameters (AddParameter): Name = "value"; Value = "22uF"; VariantName = "[No Variations]"
Change component parameters: Designator = "C28"; Footprint = "CT_0805"; UniqueID = "\FLCXPGGS"
Change component parameters. Clean all parameters for all variants
Change component parameters (AddParameter): Name = "Value"; Value = "10uF/5V"; VariantName = "[No Variations]"
Change component parameters: Designator = "C29"; Footprint = "C_0805-3D"; UniqueID = "\IQYUWLYJ"
Change component parameters. Clean all parameters for all variants
Change component parameters (AddParameter): Name = "value"; Value = "22uF"; VariantName = "[No Variations]"
Change component parameters: Designator = "C30"; Footprint = "C_0805"; UniqueID = "\KANCYBKJ"
Change component parameters. Clean all parameters for all variants
Change component parameters (AddParameter): Name = "Value"; Value = "100nF"; VariantName = "[No Variations]"
Change component parameters: Designator = "C33"; Footprint = "C_0805-3D"; UniqueID = "\KJGNSWNO"
Change component parameters. Clean all parameters for all variants
Change component parameters (AddParameter): Name = "value"; Value = "22uF"; VariantName = "[No Variations]"
Change component parameters: Designator = "C34"; Footprint = "C_0805-3D"; UniqueID = "\LIRDVGTF"
Change component parameters. Clean all parameters for all variants
Change component parameters (AddParameter): Name = "value"; Value = "22uF"; VariantName = "[No Variations]"
Change component parameters: Designator = "D3"; Footprint = "D_0805-GREEN"; UniqueID = "\KWLJWAES"
Change component parameters. Clean all parameters for all variants
Change component parameters (AddParameter): Name = "value"; Value = "LTST-C171GKT"; VariantName = "[No Variations]"
Change component parameters: Designator = "R5"; Footprint = "R_0805"; UniqueID = "\IDKCPPPT"
Change component parameters. Clean all parameters for all variants
Change component parameters (AddParameter): Name = "Value"; Value = "100"; VariantName = "[No Variations]"
Change component parameters: Designator = "R7"; Footprint = "R_0805"; UniqueID = "\FJTTLHWA"
Change component parameters. Clean all parameters for all variants
Change component parameters (AddParameter): Name = "Value"; Value = "200k"; VariantName = "[No Variations]"
Change component parameters: Designator = "R8"; Footprint = "R_0805"; UniqueID = "\DWOGTBHI"
Change component parameters. Clean all parameters for all variants
Change component parameters (AddParameter): Name = "Value"; Value = "1K"; VariantName = "[No Variations]"
Change component parameters: Designator = "R9"; Footprint = "R_0805"; UniqueID = "\BXCVYLXG"
Change component parameters. Clean all parameters for all variants
Change component parameters (AddParameter): Name = "Value"; Value = "100k"; VariantName = "[No Variations]"
Change component parameters: Designator = "R11"; Footprint = "R_0805"; UniqueID = "\SVCLGWGQ"
Change component parameters. Clean all parameters for all variants
Change component parameters (AddParameter): Name = "Value"; Value = "10K"; VariantName = "[No Variations]"
Change component parameters: Designator = "R17"; Footprint = "R_0805"; UniqueID = "\OTGJMGDE"
Change component parameters. Clean all parameters for all variants
Change component parameters (AddParameter): Name = "Value"; Value = "10K"; VariantName = "[No Variations]"
Change component parameters: Designator = "R19"; Footprint = "R_0805"; UniqueID = "\HOHCKDFR"
Change component parameters. Clean all parameters for all variants
Change component parameters (AddParameter): Name = "Value"; Value = "10K"; VariantName = "[No Variations]"
Change component parameters: Designator = "R20"; Footprint = "R_0805"; UniqueID = "\BBSNJLCX"
Change component parameters. Clean all parameters for all variants
Change component parameters (AddParameter): Name = "Value"; Value = "10K"; VariantName = "[No Variations]"
Change component parameters: Designator = "R21"; Footprint = "R_0805"; UniqueID = "\DHOQCXME"
Change component parameters. Clean all parameters for all variants
Change component parameters (AddParameter): Name = "Value"; Value = "10K"; VariantName = "[No Variations]"
Change component parameters: Designator = "U8"; Footprint = "SOT95P280X145-6N"; UniqueID = "\UUHOSQLT"
Change component parameters. Clean all parameters for all variants
Change component parameters (AddParameter): Name = "MB"; Value = "MT3608"; VariantName = "[No Variations]"
Change component parameters (AddParameter): Name = "MF"; Value = "Aerosemi Technology Co., Ltd"; VariantName = "[No Variations]"
Change component parameters: Designator = "U5"; Footprint = "SOT229P700X180-4N"; UniqueID = "\IKFWXOYB"
Change component parameters. Clean all parameters for all variants
Change component parameters (AddParameter): Name = "MF"; Value = "SOT-223"; VariantName = "[No Variations]"
Change component parameters (AddParameter): Name = "MP"; Value = "AMS1117"; VariantName = "[No Variations]"
Change component parameters: Designator = "U6"; Footprint = "SOIC127P600X180-16N"; UniqueID = "\RONAWXKF"
Change component parameters. Clean all parameters for all variants
Change component parameters (AddParameter): Name = "MF"; Value = "WCH"; VariantName = "[No Variations]"
Change component parameters (AddParameter): Name = "MP"; Value = "CH340G"; VariantName = "[No Variations]"
Change component parameters: Designator = "C11"; Footprint = "C_0805-3D"; UniqueID = "\VAWVCPBN"
Change component parameters. Clean all parameters for all variants
Change component parameters (AddParameter): Name = "tension"; Value = "10V"; VariantName = "[No Variations]"
Change component parameters (AddParameter): Name = "tipo"; Value = "X7R"; VariantName = "[No Variations]"
Change component parameters: Designator = "C21"; Footprint = "C_0805-3D"; UniqueID = "\WDVQJJRS"
Change component parameters. Clean all parameters for all variants
Change component parameters (AddParameter): Name = "tension"; Value = "10V"; VariantName = "[No Variations]"
Change component parameters (AddParameter): Name = "tipo"; Value = "X7R"; VariantName = "[No Variations]"
Change component parameters: Designator = "U2"; Footprint = "SOT95P280X145-5N"; UniqueID = "\BUHVTLMJ"
Change component parameters. Clean all parameters for all variants
Change component parameters (AddParameter): Name = "MF"; Value = "Microchip"; VariantName = "[No Variations]"
Change component parameters (AddParameter): Name = "MP"; Value = "MCP73831T-2ACI/OT"; VariantName = "[No Variations]"
Change component parameters (AddParameter): Name = "package"; Value = "SOT-23 Microchip"; VariantName = "[No Variations]"
Change component parameters: Designator = "D4"; Footprint = "SS56B-HF DO-214AA (SMB)"; UniqueID = "\XALGTFHJ"
Change component parameters. Clean all parameters for all variants
Change component parameters (AddParameter): Name = "pakage"; Value = "DO-214AA (SMB)"; VariantName = "[No Variations]"
Change component parameters (AddParameter): Name = "part number"; Value = "SS56B-HF"; VariantName = "[No Variations]"
Change component parameters (AddParameter): Name = "value"; Value = "Diodo Schottky 60 V 5A"; VariantName = "[No Variations]"
Change component parameters: Designator = "J2"; Footprint = "AMPHENOL_F32D-1A7Y1-21050"; UniqueID = "\MXLMPCUM"
Change component parameters. Clean all parameters for all variants
Change component parameters (AddParameter): Name = "Availability"; Value = "In Stock"; VariantName = "[No Variations]"
Change component parameters (AddParameter): Name = "Check_prices"; Value = "https://www.snapeda.com/parts/F32D-1A7Y1-21050/Amphenol+FCI/view-part/?ref=eda"; VariantName = "[No Variations]"
Change component parameters (AddParameter): Name = "MF"; Value = "Amphenol ICC (FCI)"; VariantName = "[No Variations]"
Change component parameters (AddParameter): Name = "MP"; Value = "F32D-1A7Y1-21050"; VariantName = "[No Variations]"
Change component parameters (AddParameter): Name = "Package"; Value = "None"; VariantName = "[No Variations]"
Change component parameters (AddParameter): Name = "Price"; Value = "None"; VariantName = "[No Variations]"
Change component parameters (AddParameter): Name = "Purchase-URL"; Value = "https://pricing.snapeda.com/search?q=F32D-1A7Y1-21050&ref=eda"; VariantName = "[No Variations]"
Change component parameters (AddParameter): Name = "SnapEDA_Link"; Value = "https://www.snapeda.com/parts/F32D-1A7Y1-21050/Amphenol+FCI/view-part/?ref=snap"; VariantName = "[No Variations]"
Change component parameters (AddParameter): Name = "Value"; Value = ""; VariantName = "[No Variations]"
Change component parameters: Designator = "J3"; Footprint = "SOP-4-2.54MM"; UniqueID = "\VSEMPECG"
Change component parameters. Clean all parameters for all variants
Change component parameters (AddParameter): Name = "Availability"; Value = "In Stock"; VariantName = "[No Variations]"
Change component parameters (AddParameter): Name = "Check_prices"; Value = "https://www.snapeda.com/parts/TLP185/Toshiba/view-part/?ref=eda"; VariantName = "[No Variations]"
Change component parameters (AddParameter): Name = "MF"; Value = "Toshiba"; VariantName = "[No Variations]"
Change component parameters (AddParameter): Name = "MP"; Value = "TLP185"; VariantName = "[No Variations]"
Change component parameters (AddParameter): Name = "Package"; Value = "None"; VariantName = "[No Variations]"
Change component parameters (AddParameter): Name = "Price"; Value = "None"; VariantName = "[No Variations]"
Change component parameters (AddParameter): Name = "Purchase-URL"; Value = "https://pricing.snapeda.com/search/part/TLP185/?ref=eda"; VariantName = "[No Variations]"
Change component parameters (AddParameter): Name = "SnapEDA_Link"; Value = "https://www.snapeda.com/parts/TLP185/Toshiba/view-part/?ref=snap"; VariantName = "[No Variations]"
Change component parameters (AddParameter): Name = "Value"; Value = ""; VariantName = "[No Variations]"
Change component parameters: Designator = "J5"; Footprint = "SOP-4-2.54MM"; UniqueID = "\FCWTKUPJ"
Change component parameters. Clean all parameters for all variants
Change component parameters (AddParameter): Name = "Availability"; Value = "In Stock"; VariantName = "[No Variations]"
Change component parameters (AddParameter): Name = "Check_prices"; Value = "https://www.snapeda.com/parts/TLP185/Toshiba/view-part/?ref=eda"; VariantName = "[No Variations]"
Change component parameters (AddParameter): Name = "MF"; Value = "Toshiba"; VariantName = "[No Variations]"
Change component parameters (AddParameter): Name = "MP"; Value = "TLP185"; VariantName = "[No Variations]"
Change component parameters (AddParameter): Name = "Package"; Value = "None"; VariantName = "[No Variations]"
Change component parameters (AddParameter): Name = "Price"; Value = "None"; VariantName = "[No Variations]"
Change component parameters (AddParameter): Name = "Purchase-URL"; Value = "https://pricing.snapeda.com/search/part/TLP185/?ref=eda"; VariantName = "[No Variations]"
Change component parameters (AddParameter): Name = "SnapEDA_Link"; Value = "https://www.snapeda.com/parts/TLP185/Toshiba/view-part/?ref=snap"; VariantName = "[No Variations]"
Change component parameters (AddParameter): Name = "Value"; Value = ""; VariantName = "[No Variations]"
Added Component: Designator=C57(CAP_EEEFP1V221AV - duplicate)
Add component. Clean all parameters for all variants
Add component (AddParameter): Name = "max volt"; Value = "35V"; VariantName = "[No Variations]"
Add component (AddParameter): Name = "value"; Value = "100nF"; VariantName = "[No Variations]"
Added Component: Designator=C60(C_0805-3D)
Add component. Clean all parameters for all variants
Added Component: Designator=C61(C_0805-3D)
Add component. Clean all parameters for all variants
Add component (AddParameter): Name = "value"; Value = "22pf"; VariantName = "[No Variations]"
Added Component: Designator=C62(C_0805-3D)
Add component. Clean all parameters for all variants
Add component (AddParameter): Name = "value"; Value = "22pf"; VariantName = "[No Variations]"
Added Component: Designator=D5(DIOM5436X247N)
Add component. Clean all parameters for all variants
Added Component: Designator=D7(SS56B-HF DO-214AA (SMB))
Add component. Clean all parameters for all variants
Add component (AddParameter): Name = "pakage"; Value = "DO-214AA (SMB)"; VariantName = "[No Variations]"
Add component (AddParameter): Name = "part number"; Value = "SS56B-HF"; VariantName = "[No Variations]"
Add component (AddParameter): Name = "value"; Value = "Diodo Schottky 60 V 5A"; VariantName = "[No Variations]"
Added Component: Designator=D8(DIOM5436X247N)
Add component. Clean all parameters for all variants
Added Component: Designator=D9(SS56B-HF DO-214AA (SMB))
Add component. Clean all parameters for all variants
Add component (AddParameter): Name = "pakage"; Value = "DO-214AA (SMB)"; VariantName = "[No Variations]"
Add component (AddParameter): Name = "part number"; Value = "SS56B-HF"; VariantName = "[No Variations]"
Add component (AddParameter): Name = "value"; Value = "Diodo Schottky 60 V 5A"; VariantName = "[No Variations]"
Added Component: Designator=D10(DIOM5436X247N)
Add component. Clean all parameters for all variants
Added Component: Designator=D11(SS56B-HF DO-214AA (SMB))
Add component. Clean all parameters for all variants
Add component (AddParameter): Name = "pakage"; Value = "DO-214AA (SMB)"; VariantName = "[No Variations]"
Add component (AddParameter): Name = "part number"; Value = "SS56B-HF"; VariantName = "[No Variations]"
Add component (AddParameter): Name = "value"; Value = "Diodo Schottky 60 V 5A"; VariantName = "[No Variations]"
Added Component: Designator=D12(D_0805-GREEN)
Add component. Clean all parameters for all variants
Added Component: Designator=D13(SOD_123)
Add component. Clean all parameters for all variants
Added Component: Designator=D14(D_0805-GREEN)
Add component. Clean all parameters for all variants
Added Component: Designator=D15(SOD_123)
Add component. Clean all parameters for all variants
Added Component: Designator=D16(DIOM5436X247N)
Add component. Clean all parameters for all variants
Added Component: Designator=D20(SOT143)
Add component. Clean all parameters for all variants
Added Component: Designator=DS1(D_0805-RED)
Add component. Clean all parameters for all variants
Added Component: Designator=FLASH(SW_147873-2)
Add component. Clean all parameters for all variants
Added Component: Designator=J6(AMPHENOL_59453-041110ECHLF)
Add component. Clean all parameters for all variants
Added Component: Designator=J8(620102131822)
Add component. Clean all parameters for all variants
Added Component: Designator=J9(HRS_ZX62R-B-5P)
Add component. Clean all parameters for all variants
Add component (AddParameter): Name = "tecnoligi"; Value = "SMD"; VariantName = "[No Variations]"
Add component (AddParameter): Name = "value"; Value = "ZX62R-B-5P"; VariantName = "[No Variations]"
Added Component: Designator=J11(620102131822)
Add component. Clean all parameters for all variants
Added Component: Designator=L2(DE0703-33)
Add component. Clean all parameters for all variants
Add component (AddParameter): Name = "value"; Value = "22uH"; VariantName = "[No Variations]"
Added Component: Designator=Q3(SOT230P700X175-4N)
Add component. Clean all parameters for all variants
Added Component: Designator=Q4(SOT230P700X175-4N)
Add component. Clean all parameters for all variants
Added Component: Designator=Q6(SOT95P240X120-3N)
Add component. Clean all parameters for all variants
Added Component: Designator=Q7(SOT-23)
Add component. Clean all parameters for all variants
Added Component: Designator=Q9(SOT95P240X120-3N)
Add component. Clean all parameters for all variants
Added Component: Designator=Q10(SOT-23)
Add component. Clean all parameters for all variants
Added Component: Designator=R30(R_0805)
Add component. Clean all parameters for all variants
Added Component: Designator=R43(R_0805)
Add component. Clean all parameters for all variants
Added Component: Designator=R44(R_0805)
Add component. Clean all parameters for all variants
Added Component: Designator=R45(R_0805)
Add component. Clean all parameters for all variants
Added Component: Designator=R46(R_0805)
Add component. Clean all parameters for all variants
Added Component: Designator=R47(R_0805)
Add component. Clean all parameters for all variants
Added Component: Designator=R48(R_0805)
Add component. Clean all parameters for all variants
Added Component: Designator=R49(R_0805)
Add component. Clean all parameters for all variants
Added Component: Designator=R51(R_0805)
Add component. Clean all parameters for all variants
Added Component: Designator=R52(R_0805)
Add component. Clean all parameters for all variants
Added Component: Designator=R53(R_0805)
Add component. Clean all parameters for all variants
Added Component: Designator=R54(R_0805)
Add component. Clean all parameters for all variants
Added Component: Designator=RESET(SW_147873-2)
Add component. Clean all parameters for all variants
Added Component: Designator=U7(SOT95P280X145-5N)
Add component. Clean all parameters for all variants
Added Component: Designator=U12(SOIC127P600X175-14N)
Add component. Clean all parameters for all variants
Add component (AddParameter): Name = "MP"; Value = "TL084CDT"; VariantName = "[No Variations]"
Added Component: Designator=U14(TO254P1524X483-4N)
Add component. Clean all parameters for all variants
Add component (AddParameter): Name = "MP"; Value = "LM7812S/NOPB"; VariantName = "[No Variations]"
Add component (AddParameter): Name = "pakage"; Value = "3-DDPAK/TO-263"; VariantName = "[No Variations]"
Added Component: Designator=U?(SOT-23-6)
Add component. Clean all parameters for all variants
Added Component: Designator=Y1(XTAL_ABM8G25000MHZB4YT3)
Add component. Clean all parameters for all variants
Add component (AddParameter): Name = "MF"; Value = "Abracon"; VariantName = "[No Variations]"
Add component (AddParameter): Name = "MP"; Value = "ABM8G25000MHZB4YT3"; VariantName = "[No Variations]"
Added Pin To Net: NetName=GND Pin=C2-1
Added Pin To Net: NetName=AVDD_10V Pin=C2-2
Added Pin To Net: NetName=GND Pin=C3-2
Added Pin To Net: NetName=GND Pin=C5-1
Added Pin To Net: NetName=3V3 Pin=C5-2
Added Pin To Net: NetName=AVDD_10V Pin=C8-1
Added Pin To Net: NetName=GND Pin=C8-2
Added Pin To Net: NetName=3V3 Pin=C9-1
Added Pin To Net: NetName=GND Pin=C9-2
Added Pin To Net: NetName=GND Pin=C11-1
Added Pin To Net: NetName=USB_D+ Pin=C11-2
Added Pin To Net: NetName=GND Pin=C14-1
Added Pin To Net: NetName=IO41_DE Pin=C14-2
Added Pin To Net: NetName=IO41_DE Pin=C15-2
Added Pin To Net: NetName=GND Pin=C16-1
Added Pin To Net: NetName=N$4 Pin=C16-2
Added Pin To Net: NetName=N$4 Pin=C17-2
Added Pin To Net: NetName=AVDD_10V Pin=C18-1
Added Pin To Net: NetName=GND Pin=C18-2
Added Pin To Net: NetName=AVDD_10V Pin=C19-2
Added Pin To Net: NetName=GND Pin=C20-1
Added Pin To Net: NetName=UART0_TXD0 Pin=C23-2
Added Pin To Net: NetName=GND Pin=C24-1
Added Pin To Net: NetName=UART0_TXD0 Pin=C24-2
Added Pin To Net: NetName=GND Pin=C26-1
Added Pin To Net: NetName=GND Pin=C27-1
Added Pin To Net: NetName=U/D Pin=C27-2
Added Pin To Net: NetName=3V3 Pin=C28-1
Added Pin To Net: NetName=GND Pin=C28-2
Added Pin To Net: NetName=3V3 Pin=C32-1
Added Pin To Net: NetName=GND Pin=C32-2
Added Pin To Net: NetName=GND Pin=C33-1
Added Pin To Net: NetName=UART0_RXD0 Pin=C34-2
Added Pin To Net: NetName=GND Pin=C57-2
Added Pin To Net: NetName=GND Pin=C60-1
Added Pin To Net: NetName=GND Pin=C61-1
Added Pin To Net: NetName=GND Pin=C62-1
Added Pin To Net: NetName=GND Pin=D3-2
Added Pin To Net: NetName=AVDD_10V Pin=D4-2
Added Pin To Net: NetName=GND Pin=D5-A
Added Pin To Net: NetName=N$4 Pin=D6-2
Added Pin To Net: NetName=VBUS Pin=D7-1
Added Pin To Net: NetName=AVDD_10V Pin=D7-2
Added Pin To Net: NetName=UART0_TXD0 Pin=D9-2
Added Pin To Net: NetName=VIN2 Pin=D12-1
Added Pin To Net: NetName=GND Pin=D12-2
Added Pin To Net: NetName=GND Pin=D13-1
Added Pin To Net: NetName=U/D Pin=D13-2
Added Pin To Net: NetName=VIN Pin=D14-1
Added Pin To Net: NetName=GND Pin=D14-2
Added Pin To Net: NetName=UART0_RXD0 Pin=D15-1
Added Pin To Net: NetName=AVDD_10V Pin=D16-A
Added Pin To Net: NetName=GND Pin=D20-1
Added Pin To Net: NetName=I2S_BCLK Pin=D20-2
Added Pin To Net: NetName=I2S_CTRL Pin=D20-3
Added Pin To Net: NetName=VBUS Pin=D20-4
Added Pin To Net: NetName=VGL-8.2V Pin=DS1-1
Added Pin To Net: NetName=GND Pin=DS1-2
Added Pin To Net: NetName=USB_D+ Pin=FLASH-1
Added Pin To Net: NetName=GND Pin=FLASH-2
Added Pin To Net: NetName=IO9_G2 Pin=J1-1
Added Pin To Net: NetName=IO10_TF_CS Pin=J1-2
Added Pin To Net: NetName=IO4_B7 Pin=J1-3
Added Pin To Net: NetName=GND Pin=J1-4
Added Pin To Net: NetName=3V3 Pin=J1-5
Added Pin To Net: NetName=VGH+18V Pin=J1-6
Added Pin To Net: NetName=GND Pin=J2-3
Added Pin To Net: NetName=VDD Pin=J2-4
Added Pin To Net: NetName=USB_D- Pin=J2-5
Added Pin To Net: NetName=USB_D+ Pin=J2-7
Added Pin To Net: NetName=UART0_TXD0 Pin=J2-8
Added Pin To Net: NetName=UART0_RXD0 Pin=J2-9
Added Pin To Net: NetName=U/D Pin=J2-10
Added Pin To Net: NetName=RESET Pin=J2-11
Added Pin To Net: NetName=N$48 Pin=J2-12
Added Pin To Net: NetName=GND Pin=J2-13
Added Pin To Net: NetName=DCLK1 Pin=J2-14
Added Pin To Net: NetName=GND Pin=J2-15
Added Pin To Net: NetName=GND Pin=J2-16
Added Pin To Net: NetName=GND Pin=J2-17
Added Pin To Net: NetName=GND Pin=J2-18
Added Pin To Net: NetName=N$47 Pin=J2-19
Added Pin To Net: NetName=N$42 Pin=J2-20
Added Pin To Net: NetName=N$40 Pin=J2-21
Added Pin To Net: NetName=N$36 Pin=J2-22
Added Pin To Net: NetName=N$30 Pin=J2-23
Added Pin To Net: NetName=GND Pin=J2-24
Added Pin To Net: NetName=GND Pin=J2-25
Added Pin To Net: NetName=N$29 Pin=J2-26
Added Pin To Net: NetName=N$24 Pin=J2-27
Added Pin To Net: NetName=N$23 Pin=J2-28
Added Pin To Net: NetName=N$20 Pin=J2-29
Added Pin To Net: NetName=N$17 Pin=J2-30
Added Pin To Net: NetName=N$16 Pin=J2-31
Added Pin To Net: NetName=GND Pin=J2-32
Added Pin To Net: NetName=GND Pin=J2-34
Added Pin To Net: NetName=N$15 Pin=J2-35
Added Pin To Net: NetName=N$14 Pin=J2-36
Added Pin To Net: NetName=N$13 Pin=J2-37
Added Pin To Net: NetName=N$12 Pin=J2-38
Added Pin To Net: NetName=N$11 Pin=J2-39
Added Pin To Net: NetName=N$10 Pin=J2-40
Added Pin To Net: NetName=N$9 Pin=J2-41
Added Pin To Net: NetName=N$8 Pin=J2-42
Added Pin To Net: NetName=N$7 Pin=J2-43
Added Pin To Net: NetName=3V3 Pin=J2-44
Added Pin To Net: NetName=N$6 Pin=J2-45
Added Pin To Net: NetName=GND Pin=J2-46
Added Pin To Net: NetName=N$5 Pin=J2-47
Added Pin To Net: NetName=N$5 Pin=J2-48
Added Pin To Net: NetName=N$4 Pin=J2-49
Added Pin To Net: NetName=N$4 Pin=J2-50
Added Pin To Net: NetName=N$3 Pin=J3-ANODE
Added Pin To Net: NetName=GND Pin=J3-CATHODE
Added Pin To Net: NetName=N$2 Pin=J3-COLLECTOR
Added Pin To Net: NetName=N$1 Pin=J3-EMITTER
Added Pin To Net: NetName=IO8_G5 Pin=J4-2
Added Pin To Net: NetName=IO7_B4 Pin=J4-3
Added Pin To Net: NetName=IO6_B5 Pin=J4-5
Added Pin To Net: NetName=GND Pin=J4-6
Added Pin To Net: NetName=IO5_B6 Pin=J4-7
Added Pin To Net: NetName=GND Pin=J4-S1
Added Pin To Net: NetName=GND Pin=J4-S2
Added Pin To Net: NetName=GND Pin=J4-S3
Added Pin To Net: NetName=GND Pin=J4-S4
Added Pin To Net: NetName=LRCLK Pin=J5-ANODE
Added Pin To Net: NetName=GND Pin=J5-CATHODE
Added Pin To Net: NetName=LCD_LEDK Pin=J5-COLLECTOR
Added Pin To Net: NetName=LCD_LEDA Pin=J5-EMITTER
Added Pin To Net: NetName=IO2_LCD_BL_CTR Pin=J6-1
Added Pin To Net: NetName=IO1_G7 Pin=J6-2
Added Pin To Net: NetName=3V3 Pin=J6-3
Added Pin To Net: NetName=GND Pin=J6-4
Added Pin To Net: NetName=GND Pin=J6-5
Added Pin To Net: NetName=GND Pin=J6-6
Added Pin To Net: NetName=GND Pin=J7-2
Added Pin To Net: NetName=GND Pin=J8-1
Added Pin To Net: NetName=L/R Pin=J8-2
Added Pin To Net: NetName=VBUS Pin=J9-1
Added Pin To Net: NetName=I2S_BCLK Pin=J9-2
Added Pin To Net: NetName=I2S_CTRL Pin=J9-3
Added Pin To Net: NetName=GND Pin=J9-5
Added Pin To Net: NetName=GND Pin=J10-1
Added Pin To Net: NetName=IO48_R6 Pin=J10-2
Added Pin To Net: NetName=IO41_DE Pin=L1-1
Added Pin To Net: NetName=AVDD_10V Pin=L2-1
Added Pin To Net: NetName=IO47_R5 Pin=Q1-1
Added Pin To Net: NetName=IO46_G3 Pin=Q1-2
Added Pin To Net: NetName=D+ Pin=Q1-3
Added Pin To Net: NetName=IO45_R7 Pin=Q2-1
Added Pin To Net: NetName=D- Pin=Q2-2
Added Pin To Net: NetName=USB_D+ Pin=Q2-3
Added Pin To Net: NetName=AVDD_10V Pin=Q3-1
Added Pin To Net: NetName=IO42-I2S_BCLK Pin=Q4-1
Added Pin To Net: NetName=IO41_DE Pin=Q4-2
Added Pin To Net: NetName=AVDD_10V Pin=Q4-3
Added Pin To Net: NetName=IO41_DE Pin=Q4-4
Added Pin To Net: NetName=IO40_VSYNC Pin=Q5-1
Added Pin To Net: NetName=L/R Pin=Q5-2
Added Pin To Net: NetName=GND Pin=Q5-3
Added Pin To Net: NetName=UART0_TXD0 Pin=Q6-2
Added Pin To Net: NetName=IO39_HSYNC Pin=Q7-1
Added Pin To Net: NetName=GND Pin=Q7-2
Added Pin To Net: NetName=IO42-I2S_BCLK Pin=Q7-3
Added Pin To Net: NetName=GND Pin=Q9-1
Added Pin To Net: NetName=IO21_R4 Pin=Q10-1
Added Pin To Net: NetName=ESP32_RESET Pin=Q10-2
Added Pin To Net: NetName=VGL-8.2V Pin=R1-1
Added Pin To Net: NetName=AVDD_10V Pin=R1-2
Added Pin To Net: NetName=3V3 Pin=R2-2
Added Pin To Net: NetName=AVDD_10V Pin=R3-1
Added Pin To Net: NetName=GND Pin=R6-1
Added Pin To Net: NetName=IO20_I2C_SCL Pin=R6-2
Added Pin To Net: NetName=IO11_TF_SPI_MOSI/TP_DIN Pin=R7-2
Added Pin To Net: NetName=IO19_I2C_SDA Pin=R8-1
Added Pin To Net: NetName=GND Pin=R8-2
Added Pin To Net: NetName=IO11_TF_SPI_MOSI/TP_DIN Pin=R9-1
Added Pin To Net: NetName=GND Pin=R9-2
Added Pin To Net: NetName=GND Pin=R10-1
Added Pin To Net: NetName=N$5 Pin=R10-2
Added Pin To Net: NetName=GND Pin=R11-1
Added Pin To Net: NetName=AVDD_10V Pin=R11-2
Added Pin To Net: NetName=IO18_I2S_LRCLK Pin=R12-1
Added Pin To Net: NetName=UART0_TXD0 Pin=R12-2
Added Pin To Net: NetName=IO12_TF_CLK/TP_CLK Pin=R13-1
Added Pin To Net: NetName=N$3 Pin=R13-2
Added Pin To Net: NetName=N$2 Pin=R14-1
Added Pin To Net: NetName=BAT+ Pin=R14-2
Added Pin To Net: NetName=IO12_TF_CLK/TP_CLK Pin=R15-1
Added Pin To Net: NetName=VIN2 Pin=R15-2
Added Pin To Net: NetName=N$1 Pin=R16-1
Added Pin To Net: NetName=IO40_VSYNC Pin=R16-2
Added Pin To Net: NetName=IO6_B5 Pin=R17-2
Added Pin To Net: NetName=USB_D+ Pin=R18-1
Added Pin To Net: NetName=3V3 Pin=R18-2
Added Pin To Net: NetName=3V3 Pin=R19-1
Added Pin To Net: NetName=IO5_B6 Pin=R19-2
Added Pin To Net: NetName=IO8_G5 Pin=R20-2
Added Pin To Net: NetName=3V3 Pin=R21-1
Added Pin To Net: NetName=IO7_B4 Pin=R21-2
Added Pin To Net: NetName=GND Pin=R22-1
Added Pin To Net: NetName=IO18_I2S_LRCLK Pin=R22-2
Added Pin To Net: NetName=GND Pin=R23-1
Added Pin To Net: NetName=IO40_VSYNC Pin=R23-2
Added Pin To Net: NetName=IO42-I2S_BCLK Pin=R24-1
Added Pin To Net: NetName=AVDD_10V Pin=R24-2
Added Pin To Net: NetName=N$6 Pin=R25-1
Added Pin To Net: NetName=3V3 Pin=R25-2
Added Pin To Net: NetName=IO17_I2S_SDIN Pin=R26-1
Added Pin To Net: NetName=USB_D- Pin=R26-2
Added Pin To Net: NetName=U/D Pin=R27-1
Added Pin To Net: NetName=IO39_HSYNC Pin=R28-1
Added Pin To Net: NetName=IO16_G6 Pin=R28-2
Added Pin To Net: NetName=GND Pin=R29-1
Added Pin To Net: NetName=IO39_HSYNC Pin=R29-2
Added Pin To Net: NetName=GND Pin=R30-1
Added Pin To Net: NetName=U/D Pin=R30-2
Added Pin To Net: NetName=N$30 Pin=R31-1
Added Pin To Net: NetName=GND Pin=R31-2
Added Pin To Net: NetName=RESET Pin=R32-1
Added Pin To Net: NetName=IO17_I2S_SDIN Pin=R32-2
Added Pin To Net: NetName=RESET Pin=R33-2
Added Pin To Net: NetName=N$48 Pin=R34-1
Added Pin To Net: NetName=IO17_I2S_SDIN Pin=R34-2
Added Pin To Net: NetName=N$48 Pin=R35-2
Added Pin To Net: NetName=N$7 Pin=R36-1
Added Pin To Net: NetName=GND Pin=R36-2
Added Pin To Net: NetName=3V3 Pin=R37-1
Added Pin To Net: NetName=N$7 Pin=R37-2
Added Pin To Net: NetName=IO17_I2S_SDIN Pin=R39-1
Added Pin To Net: NetName=VDD Pin=R39-2
Added Pin To Net: NetName=LRCLK Pin=R40-1
Added Pin To Net: NetName=IO3_G4 Pin=R40-2
Added Pin To Net: NetName=BAT+ Pin=R41-1
Added Pin To Net: NetName=LCD_LEDK Pin=R41-2
Added Pin To Net: NetName=VIN Pin=R42-1
Added Pin To Net: NetName=IO3_G4 Pin=R42-2
Added Pin To Net: NetName=GND Pin=R43-1
Added Pin To Net: NetName=IO47_R5 Pin=R43-2
Added Pin To Net: NetName=GND Pin=R44-1
Added Pin To Net: NetName=IO46_G3 Pin=R44-2
Added Pin To Net: NetName=IO15_B3 Pin=R45-1
Added Pin To Net: NetName=IO47_R5 Pin=R45-2
Added Pin To Net: NetName=GND Pin=R46-1
Added Pin To Net: NetName=GND Pin=R47-1
Added Pin To Net: NetName=IO14_R3 Pin=R47-2
Added Pin To Net: NetName=IO13_TF_SPI_MISO/TP_OUT Pin=R48-1
Added Pin To Net: NetName=IO14_R3 Pin=R48-2
Added Pin To Net: NetName=IO38_D Pin=R49-1
Added Pin To Net: NetName=LCD_LEDA Pin=R49-2
Added Pin To Net: NetName=UART0_RXD0 Pin=R50-1
Added Pin To Net: NetName=IO38_D Pin=R51-1
Added Pin To Net: NetName=GND Pin=R51-2
Added Pin To Net: NetName=GND Pin=R52-1
Added Pin To Net: NetName=UART0_RXD0 Pin=R52-2
Added Pin To Net: NetName=ESP32_RESET Pin=R53-1
Added Pin To Net: NetName=IO45_R7 Pin=R53-2
Added Pin To Net: NetName=D- Pin=R54-1
Added Pin To Net: NetName=IO21_R4 Pin=R54-2
Added Pin To Net: NetName=GND Pin=RESET-2
Added Pin To Net: NetName=GND Pin=U1-1
Added Pin To Net: NetName=3V3 Pin=U1-2
Added Pin To Net: NetName=USB_D+ Pin=U1-3
Added Pin To Net: NetName=N$11 Pin=U1-4
Added Pin To Net: NetName=N$12 Pin=U1-5
Added Pin To Net: NetName=N$13 Pin=U1-6
Added Pin To Net: NetName=N$14 Pin=U1-7
Added Pin To Net: NetName=N$15 Pin=U1-8
Added Pin To Net: NetName=N$17 Pin=U1-9
Added Pin To Net: NetName=IO12_TF_CLK/TP_CLK Pin=U1-10
Added Pin To Net: NetName=IO11_TF_SPI_MOSI/TP_DIN Pin=U1-11
Added Pin To Net: NetName=N$20 Pin=U1-12
Added Pin To Net: NetName=IO10_TF_CS Pin=U1-13
Added Pin To Net: NetName=IO9_G2 Pin=U1-14
Added Pin To Net: NetName=N$23 Pin=U1-15
Added Pin To Net: NetName=N$24 Pin=U1-16
Added Pin To Net: NetName=N$29 Pin=U1-17
Added Pin To Net: NetName=IO8_G5 Pin=U1-18
Added Pin To Net: NetName=IO7_B4 Pin=U1-19
Added Pin To Net: NetName=IO6_B5 Pin=U1-20
Added Pin To Net: NetName=IO5_B6 Pin=U1-21
Added Pin To Net: NetName=N$47 Pin=U1-22
Added Pin To Net: NetName=N$42 Pin=U1-23
Added Pin To Net: NetName=N$40 Pin=U1-24
Added Pin To Net: NetName=N$36 Pin=U1-25
Added Pin To Net: NetName=N$30 Pin=U1-26
Added Pin To Net: NetName=IO4_B7 Pin=U1-31
Added Pin To Net: NetName=N$10 Pin=U1-32
Added Pin To Net: NetName=N$9 Pin=U1-33
Added Pin To Net: NetName=N$8 Pin=U1-34
Added Pin To Net: NetName=IO3_G4 Pin=U1-35
Added Pin To Net: NetName=IO2_LCD_BL_CTR Pin=U1-36
Added Pin To Net: NetName=IO1_G7 Pin=U1-37
Added Pin To Net: NetName=IO16_G6 Pin=U1-38
Added Pin To Net: NetName=N$16 Pin=U1-39
Added Pin To Net: NetName=GND Pin=U1-40
Added Pin To Net: NetName=GND Pin=U1-41
Added Pin To Net: NetName=GND Pin=U1-42
Added Pin To Net: NetName=GND Pin=U1-43
Added Pin To Net: NetName=GND Pin=U1-44
Added Pin To Net: NetName=GND Pin=U1-45
Added Pin To Net: NetName=GND Pin=U1-46
Added Pin To Net: NetName=GND Pin=U1-47
Added Pin To Net: NetName=GND Pin=U1-48
Added Pin To Net: NetName=GND Pin=U1-49
Added Pin To Net: NetName=GND Pin=U2-2
Added Pin To Net: NetName=AVDD_10V Pin=U2-4
Added Pin To Net: NetName=IO20_I2C_SCL Pin=U2-5
Added Pin To Net: NetName=IO0_BOOT_CLK Pin=U4-4
Added Pin To Net: NetName=I2S_SDIN Pin=U4-5
Added Pin To Net: NetName=GND Pin=U4-6
Added Pin To Net: NetName=GND Pin=U5-1
Added Pin To Net: NetName=3V3 Pin=U5-2
Added Pin To Net: NetName=AVDD_10V Pin=U5-3
Added Pin To Net: NetName=3V3 Pin=U5-4
Added Pin To Net: NetName=IO2_LCD_BL_CTR Pin=U6-2
Added Pin To Net: NetName=IO1_G7 Pin=U6-3
Added Pin To Net: NetName=I2S_CTRL Pin=U6-5
Added Pin To Net: NetName=I2S_BCLK Pin=U6-6
Added Pin To Net: NetName=ESP32_RESET Pin=U6-13
Added Pin To Net: NetName=D- Pin=U6-14
Added Pin To Net: NetName=VBUS Pin=U6-16
Added Pin To Net: NetName=GND Pin=U7-2
Added Pin To Net: NetName=N$5 Pin=U7-3
Added Pin To Net: NetName=IO41_DE Pin=U7-4
Added Pin To Net: NetName=IO41_DE Pin=U7-5
Added Pin To Net: NetName=GND Pin=U8-2
Added Pin To Net: NetName=IO18_I2S_LRCLK Pin=U8-3
Added Pin To Net: NetName=AVDD_10V Pin=U8-4
Added Pin To Net: NetName=AVDD_10V Pin=U8-5
Added Pin To Net: NetName=D+ Pin=U12-3
Added Pin To Net: NetName=BAT+ Pin=U12-4
Added Pin To Net: NetName=IO13_TF_SPI_MISO/TP_OUT Pin=U12-6
Added Pin To Net: NetName=IO15_B3 Pin=U12-7
Added Pin To Net: NetName=IO13_TF_SPI_MISO/TP_OUT Pin=U12-8
Added Pin To Net: NetName=IO14_R3 Pin=U12-9
Added Pin To Net: NetName=BAT+ Pin=U12-10
Added Pin To Net: NetName=GND Pin=U12-11
Added Pin To Net: NetName=D+ Pin=U14-1
Added Pin To Net: NetName=GND Pin=U14-2
Added Pin To Net: NetName=BAT+ Pin=U14-3
Added Pin To Net: NetName=GND Pin=U14-4
Added Pin To Net: NetName=IO0_BOOT_CLK Pin=U?-1
Added Pin To Net: NetName=IO19_I2C_SDA Pin=U?-2
Added Pin To Net: NetName=I2S_SDIN Pin=U?-3
Added Pin To Net: NetName=GND Pin=Y1-2
Added Pin To Net: NetName=GND Pin=Y1-4
Change Net Name : Old Net Name=3V3 New Net Name=NetC4_2
Change Net Name : Old Net Name=AVDD_10V New Net Name=VCC
Change Net Name : Old Net Name=BAT+ New Net Name=V_EXT_REG
Change Net Name : Old Net Name=D+ New Net Name=V_EX
Change Net Name : Old Net Name=D- New Net Name=NetQ2_2
Change Net Name : Old Net Name=ESP32_RESET New Net Name=NetQ10_2
Change Net Name : Old Net Name=I2S_BCLK New Net Name=NetD20_2
Change Net Name : Old Net Name=I2S_CTRL New Net Name=NetD20_3
Change Net Name : Old Net Name=I2S_SDIN New Net Name=NetU4_5
Change Net Name : Old Net Name=IO0_BOOT_CLK New Net Name=NetU4_4
Change Net Name : Old Net Name=IO1_G7 New Net Name=NetJ6_2
Change Net Name : Old Net Name=IO2_LCD_BL_CTR New Net Name=NetJ6_1
Change Net Name : Old Net Name=IO3_G4 New Net Name=NetR40_2
Change Net Name : Old Net Name=IO4_B7 New Net Name=NetJ1_3
Change Net Name : Old Net Name=IO5_B6 New Net Name=NetJ4_7
Change Net Name : Old Net Name=IO6_B5 New Net Name=NetJ4_5
Change Net Name : Old Net Name=IO7_B4 New Net Name=NetJ4_3
Change Net Name : Old Net Name=IO8_G5 New Net Name=NetJ4_2
Change Net Name : Old Net Name=IO9_G2 New Net Name=NetJ1_1
Change Net Name : Old Net Name=IO10_TF_CS New Net Name=NetJ1_2
Change Net Name : Old Net Name=IO11_TF_SPI_MOSI/TP_DIN New Net Name=NetR7_2
Change Net Name : Old Net Name=IO12_TF_CLK/TP_CLK New Net Name=NetR13_1
Change Net Name : Old Net Name=IO13_TF_SPI_MISO/TP_OUT New Net Name=NetR48_1
Change Net Name : Old Net Name=IO14_R3 New Net Name=NetR47_2
Change Net Name : Old Net Name=IO15_B3 New Net Name=NetR45_1
Change Net Name : Old Net Name=IO16_G6 New Net Name=NetR28_2
Change Net Name : Old Net Name=IO17_I2S_SDIN New Net Name=NetR26_1
Change Net Name : Old Net Name=IO18_I2S_LRCLK New Net Name=NetR12_1
Change Net Name : Old Net Name=IO19_I2C_SDA New Net Name=NetR8_1
Change Net Name : Old Net Name=IO20_I2C_SCL New Net Name=NetR6_2
Change Net Name : Old Net Name=IO21_R4 New Net Name=NetQ10_1
Change Net Name : Old Net Name=IO38_D New Net Name=NetQ8_1
Change Net Name : Old Net Name=IO39_HSYNC New Net Name=NetQ7_1
Change Net Name : Old Net Name=IO40_VSYNC New Net Name=NetQ5_1
Change Net Name : Old Net Name=IO41_DE New Net Name=NetC14_2
Change Net Name : Old Net Name=IO42-I2S_BCLK New Net Name=NetQ4_1
Change Net Name : Old Net Name=IO45_R7 New Net Name=NetQ2_1
Change Net Name : Old Net Name=IO46_G3 New Net Name=NetQ1_2
Change Net Name : Old Net Name=IO47_R5 New Net Name=NetQ1_1
Change Net Name : Old Net Name=IO48_R6 New Net Name=NetJ10_2
Change Net Name : Old Net Name=L/R New Net Name=NetJ8_2
Change Net Name : Old Net Name=LCD_LEDA New Net Name=NetJ5_EMITTER
Change Net Name : Old Net Name=LCD_LEDK New Net Name=NetJ5_COLLECTOR
Change Net Name : Old Net Name=LRCLK New Net Name=NetJ5_ANODE
Change Net Name : Old Net Name=N$1 New Net Name=NetJ3_EMITTER
Change Net Name : Old Net Name=N$2 New Net Name=NetJ3_COLLECTOR
Change Net Name : Old Net Name=N$3 New Net Name=NetJ3_ANODE
Change Net Name : Old Net Name=N$4 New Net Name=NetC16_2
Change Net Name : Old Net Name=N$5 New Net Name=NetJ2_47
Change Net Name : Old Net Name=N$6 New Net Name=NetJ2_45
Change Net Name : Old Net Name=N$7 New Net Name=NetJ2_43
Change Net Name : Old Net Name=N$8 New Net Name=NetJ2_42
Change Net Name : Old Net Name=N$9 New Net Name=NetJ2_41
Change Net Name : Old Net Name=N$10 New Net Name=NetJ2_40
Change Net Name : Old Net Name=N$11 New Net Name=NetJ2_39
Change Net Name : Old Net Name=N$12 New Net Name=NetJ2_38
Change Net Name : Old Net Name=N$13 New Net Name=NetJ2_37
Change Net Name : Old Net Name=N$14 New Net Name=NetJ2_36
Change Net Name : Old Net Name=N$15 New Net Name=NetJ2_35
Change Net Name : Old Net Name=N$16 New Net Name=NetJ2_31
Change Net Name : Old Net Name=N$17 New Net Name=NetJ2_30
Change Net Name : Old Net Name=N$20 New Net Name=NetJ2_29
Change Net Name : Old Net Name=N$23 New Net Name=NetJ2_28
Change Net Name : Old Net Name=N$24 New Net Name=NetJ2_27
Change Net Name : Old Net Name=N$29 New Net Name=NetJ2_26
Change Net Name : Old Net Name=N$30 New Net Name=NetJ2_23
Change Net Name : Old Net Name=N$36 New Net Name=NetJ2_22
Change Net Name : Old Net Name=N$40 New Net Name=NetJ2_21
Change Net Name : Old Net Name=N$42 New Net Name=NetJ2_20
Change Net Name : Old Net Name=N$47 New Net Name=NetJ2_19
Change Net Name : Old Net Name=N$48 New Net Name=NetJ2_12
Change Net Name : Old Net Name=RESET New Net Name=NetJ2_11
Change Net Name : Old Net Name=U/D New Net Name=NetC27_2
Change Net Name : Old Net Name=UART0_RXD0 New Net Name=NetC34_2
Change Net Name : Old Net Name=UART0_TXD0 New Net Name=NetC23_2
Change Net Name : Old Net Name=USB_D+ New Net Name=NetC11_2
Change Net Name : Old Net Name=USB_D- New Net Name=NetJ2_5
Change Net Name : Old Net Name=VDD New Net Name=NetJ2_4
Change Net Name : Old Net Name=VGH+18V New Net Name=NetJ1_6
Change Net Name : Old Net Name=VGL-8.2V New Net Name=NetDS1_1
Change Net Name : Old Net Name=VIN2 New Net Name=NetD12_1
Change Net Name : Old Net Name=VIN New Net Name=NetD14_1
Added Pin To Net: NetName=+4.2 Pin=C3-1
Added Pin To Net: NetName=+4.2 Pin=C7-2
Added Pin To Net: NetName=+4.2 Pin=J11-1
Added Pin To Net: NetName=+4.2 Pin=Q3-2
Added Pin To Net: NetName=+4.2 Pin=Q3-4
Added Pin To Net: NetName=+4.2 Pin=R5-1
Added Pin To Net: NetName=+4.2 Pin=R7-1
Added Pin To Net: NetName=+4.2 Pin=U2-3
Added Net: Name=+4.2
Added Pin To Net: NetName=+Va Pin=D4-1
Added Pin To Net: NetName=+Va Pin=D8-C
Added Pin To Net: NetName=+Va Pin=Q3-3
Added Net: Name=+Va
Added Pin To Net: NetName=3.3V1 Pin=J4-4
Added Net: Name=3.3V1
Added Pin To Net: NetName=NetC1_2 Pin=C1-2
Added Pin To Net: NetName=NetC1_2 Pin=C21-2
Added Pin To Net: NetName=NetC1_2 Pin=Q10-3
Added Pin To Net: NetName=NetC1_2 Pin=R2-1
Added Pin To Net: NetName=NetC1_2 Pin=R38-1
Added Pin To Net: NetName=NetC1_2 Pin=RESET-1
Added Pin To Net: NetName=NetC1_2 Pin=U1-27
Added Net: Name=NetC1_2
Added Pin To Net: NetName=NetC6_1 Pin=C6-1
Added Pin To Net: NetName=NetC6_1 Pin=R5-2
Added Pin To Net: NetName=NetC6_1 Pin=U?-5
Added Net: Name=NetC6_1
Added Pin To Net: NetName=NetC6_2 Pin=C6-2
Added Pin To Net: NetName=NetC6_2 Pin=J11-2
Added Pin To Net: NetName=NetC6_2 Pin=U4-2
Added Pin To Net: NetName=NetC6_2 Pin=U4-3
Added Pin To Net: NetName=NetC6_2 Pin=U?-6
Added Net: Name=NetC6_2
Added Pin To Net: NetName=NetC25_1 Pin=C25-1
Added Pin To Net: NetName=NetC25_1 Pin=Q6-3
Added Net: Name=NetC25_1
Added Pin To Net: NetName=NetC25_2 Pin=C25-2
Added Pin To Net: NetName=NetC25_2 Pin=C29-2
Added Pin To Net: NetName=NetC25_2 Pin=D9-1
Added Pin To Net: NetName=NetC25_2 Pin=L2-2
Added Pin To Net: NetName=NetC25_2 Pin=U8-1
Added Net: Name=NetC25_2
Added Pin To Net: NetName=NetC26_2 Pin=C26-2
Added Pin To Net: NetName=NetC26_2 Pin=Q6-1
Added Pin To Net: NetName=NetC26_2 Pin=R27-2
Added Net: Name=NetC26_2
Added Pin To Net: NetName=NetC29_1 Pin=C29-1
Added Pin To Net: NetName=NetC29_1 Pin=Q9-3
Added Net: Name=NetC29_1
Added Pin To Net: NetName=NetC33_2 Pin=C33-2
Added Pin To Net: NetName=NetC33_2 Pin=Q9-2
Added Pin To Net: NetName=NetC33_2 Pin=R50-2
Added Net: Name=NetC33_2
Added Net: Name=NetC50_1
Added Pin To Net: NetName=NetC57_1 Pin=C57-1
Added Pin To Net: NetName=NetC57_1 Pin=D11-2
Added Pin To Net: NetName=NetC57_1 Pin=R46-2
Added Pin To Net: NetName=NetC57_1 Pin=U12-2
Added Pin To Net: NetName=NetC57_1 Pin=U12-5
Added Net: Name=NetC57_1
Added Pin To Net: NetName=NetC60_2 Pin=C60-2
Added Pin To Net: NetName=NetC60_2 Pin=U6-4
Added Net: Name=NetC60_2
Added Pin To Net: NetName=NetC61_2 Pin=C61-2
Added Pin To Net: NetName=NetC61_2 Pin=U6-7
Added Pin To Net: NetName=NetC61_2 Pin=Y1-1
Added Net: Name=NetC61_2
Added Pin To Net: NetName=NetC62_2 Pin=C62-2
Added Pin To Net: NetName=NetC62_2 Pin=U6-8
Added Pin To Net: NetName=NetC62_2 Pin=Y1-3
Added Net: Name=NetC62_2
Added Pin To Net: NetName=NetD1_A Pin=D1-A
Added Pin To Net: NetName=NetD1_A Pin=J7-1
Added Net: Name=NetD1_A
Added Pin To Net: NetName=NetD1_C Pin=D1-C
Added Net: Name=NetD1_C
Added Pin To Net: NetName=NetD2_1 Pin=D2-1
Added Pin To Net: NetName=NetD2_1 Pin=R3-2
Added Net: Name=NetD2_1
Added Pin To Net: NetName=NetD2_2 Pin=D2-2
Added Pin To Net: NetName=NetD2_2 Pin=R4-1
Added Pin To Net: NetName=NetD2_2 Pin=U2-1
Added Net: Name=NetD2_2
Added Pin To Net: NetName=NetD3_1 Pin=D3-1
Added Pin To Net: NetName=NetD3_1 Pin=R4-2
Added Net: Name=NetD3_1
Added Pin To Net: NetName=NetD5_C Pin=D5-C
Added Net: Name=NetD5_C
Added Pin To Net: NetName=NetD6_1 Pin=D6-1
Added Pin To Net: NetName=NetD6_1 Pin=L1-2
Added Pin To Net: NetName=NetD6_1 Pin=U7-1
Added Net: Name=NetD6_1
Added Pin To Net: NetName=NetD8_A Pin=D8-A
Added Pin To Net: NetName=NetD8_A Pin=D10-C
Added Net: Name=NetD8_A
Added Pin To Net: NetName=NetD10_A Pin=D10-A
Added Pin To Net: NetName=NetD10_A Pin=D16-C
Added Net: Name=NetD10_A
Added Pin To Net: NetName=NetD11_1 Pin=D11-1
Added Pin To Net: NetName=NetD11_1 Pin=U12-1
Added Net: Name=NetD11_1
Added Class: Name=TFT-ES32-V1.1
Added Room: Name=TFT-ES32-V1.1
