Removed Pin From Net: NetName=NetC4_2 Pin=R17-1
Removed Pin From Net: NetName=NetJ4_5 Pin=R17-2
Removed Pin From Net: NetName=NetC4_2 Pin=R20-1
Removed Pin From Net: NetName=NetJ4_2 Pin=R20-2
Removed Pin From Net: NetName=NetC4_2 Pin=R21-1
Removed Pin From Net: NetName=NetJ4_3 Pin=R21-2
Change Component DesignItemId : Designator=C30 Old DesignItemId=CapMix New DesignItemId=capacitor caramico
Change Component DesignItemId : Designator=C28 Old DesignItemId=CapTantalio New DesignItemId=capacitor caramico
Change Component DesignItemId : Designator=R17 Old DesignItemId=ResSmd New DesignItemId=Resistor
Change Component DesignItemId : Designator=R20 Old DesignItemId=ResSmd New DesignItemId=Resistor
Change Component DesignItemId : Designator=R21 Old DesignItemId=ResSmd New DesignItemId=Resistor
Change Component Footprint: Designator=C28 Old Footprint=0603 New Footprint=C_0805-3D
Change Component Footprint: Designator=C30 Old Footprint=DISCRETE_C0603 New Footprint=C_0805-3D
Change Component Footprint: Designator=R17 Old Footprint=DISCRETE_R0603 New Footprint=R_0805
Change Component Footprint: Designator=R20 Old Footprint=DISCRETE_R0603 New Footprint=R_0805
Change Component Footprint: Designator=R21 Old Footprint=DISCRETE_R0603 New Footprint=R_0805
Change Component Comment : Designator=C28 Old Comment=10uF/5V New Comment=10uF
Change Component Description : Designator=C28 Old Description=Capacitor New Description=capacitor ceramico 0805
Change Component Description : Designator=C30 Old Description=Capacitor New Description=capacitor ceramico 0805
Change Component Description : Designator=L2 Old Description=Inductor: alambre; SMD; 33uH; 910mA; 240 mO; 7,3x7,3x3,2 mm; ±20% New Description=Inductor: alambre; SMD; 33uH; 910mA; 240 mO; 7,3x7,3x3,2 mm; ±20%
Change Component Description : Designator=L11 Old Description=Inductor: alambre; SMD; 33uH; 910mA; 240 mO; 7,3x7,3x3,2 mm; ±20% New Description=Inductor: alambre; SMD; 33uH; 910mA; 240 mO; 7,3x7,3x3,2 mm; ±20%
Change Component Description : Designator=R17 Old Description=Resistor New Description=
Change Component Description : Designator=R20 Old Description=Resistor New Description=
Change Component Description : Designator=R21 Old Description=Resistor New Description=
Change Component Library : Designator=C28 Old Library=personal.IntLib New Library=Libreria esquematico.SchLib
Change Component Library : Designator=C30 Old Library=personal.IntLib New Library=Libreria esquematico.SchLib
Change Component Library : Designator=R17 Old Library=personal.IntLib New Library=Libreria esquematico.SchLib
Change Component Library : Designator=R20 Old Library=personal.IntLib New Library=Libreria esquematico.SchLib
Change Component Library : Designator=R21 Old Library=personal.IntLib New Library=Libreria esquematico.SchLib
Change component parameters: Designator = "C28"; Footprint = "C_0805-3D"; UniqueID = "\FLCXPGGS"
Change component parameters. Clean all parameters for all variants
Change component parameters: Designator = "C30"; Footprint = "C_0805-3D"; UniqueID = "\KANCYBKJ"
Change component parameters. Clean all parameters for all variants
Change component parameters: Designator = "R17"; Footprint = "R_0805"; UniqueID = "\OTGJMGDE"
Change component parameters. Clean all parameters for all variants
Change component parameters: Designator = "R20"; Footprint = "R_0805"; UniqueID = "\BBSNJLCX"
Change component parameters. Clean all parameters for all variants
Change component parameters: Designator = "R21"; Footprint = "R_0805"; UniqueID = "\DHOQCXME"
Change component parameters. Clean all parameters for all variants
Added Component: Designator=R19(R_0805)
Add component. Clean all parameters for all variants
Added Pin To Net: NetName=NetJ4_5 Pin=R17-1
Added Pin To Net: NetName=NetC4_2 Pin=R17-2
Added Pin To Net: NetName=NetJ4_7 Pin=R19-1
Added Pin To Net: NetName=NetC4_2 Pin=R19-2
Added Pin To Net: NetName=NetJ4_2 Pin=R20-1
Added Pin To Net: NetName=NetC4_2 Pin=R20-2
Added Pin To Net: NetName=NetJ4_3 Pin=R21-1
Added Pin To Net: NetName=NetC4_2 Pin=R21-2
Added Member To Class: ClassName=TFT-ES32-V1.1 Member=Component R19 10K
Added Room: Name=TFT-ES32-V1.1
