Removed Pin From Net: NetName=3.3V1 Pin=J4-4
Removed Pin From Net: NetName=+4.2 Pin=R5-1
Removed Pin From Net: NetName=NetC6_1 Pin=R5-2
Removed Pin From Net: NetName=GND Pin=R8-2
Removed Pin From Net: NetName=GND Pin=R11-1
Removed Pin From Net: NetName=VCC Pin=R11-2
Change Component DesignItemId : Designator=C3 Old DesignItemId=CapTantalio New DesignItemId=capacitor caramico
Change Component DesignItemId : Designator=C6 Old DesignItemId=CapTantalio New DesignItemId=capacitor caramico
Change Component DesignItemId : Designator=R5 Old DesignItemId=ResSmd New DesignItemId=Resistor
Change Component DesignItemId : Designator=R8 Old DesignItemId=ResSmd New DesignItemId=Resistor
Change Component DesignItemId : Designator=R11 Old DesignItemId=ResSmd New DesignItemId=Resistor
Change Component Footprint: Designator=C3 Old Footprint=0603 New Footprint=C_0805-3D
Change Component Footprint: Designator=C6 Old Footprint=0603 New Footprint=C_0805-3D
Change Component Footprint: Designator=R5 Old Footprint=DISCRETE_R0603 New Footprint=R_0805
Change Component Footprint: Designator=R8 Old Footprint=DISCRETE_R0603 New Footprint=R_0805
Change Component Footprint: Designator=R11 Old Footprint=R0603 New Footprint=R_0805
Change Component Comment : Designator=R11 Old Comment=10K New Comment=10R 5%
Change Component Comment : Designator=C3 Old Comment=10uF/5V New Comment=10uF
Change Component Comment : Designator=R5 Old Comment=100 New Comment=100R
Change Component Description : Designator=C3 Old Description=Capacitor New Description=capacitor ceramico 0805
Change Component Description : Designator=C6 Old Description=Capacitor New Description=capacitor ceramico 0805
Change Component Description : Designator=R5 Old Description=Resistor New Description=
Change Component Description : Designator=R8 Old Description=Resistor New Description=
Change Component Description : Designator=R11 Old Description=Resistor New Description=
Change Component Library : Designator=C3 Old Library=personal.IntLib New Library=Libreria esquematico.SchLib
Change Component Library : Designator=C6 Old Library=personal.IntLib New Library=Libreria esquematico.SchLib
Change Component Library : Designator=R5 Old Library=personal.IntLib New Library=Libreria esquematico.SchLib
Change Component Library : Designator=R8 Old Library=personal.IntLib New Library=Libreria esquematico.SchLib
Change Component Library : Designator=R11 Old Library=personal.IntLib New Library=Libreria esquematico.SchLib
Change component parameters: Designator = "C3"; Footprint = "C_0805-3D"; UniqueID = "\WCBUPVLH"
Change component parameters. Clean all parameters for all variants
Change component parameters: Designator = "C6"; Footprint = "C_0805-3D"; UniqueID = "\CIYAAILX"
Change component parameters. Clean all parameters for all variants
Change component parameters: Designator = "R5"; Footprint = "R_0805"; UniqueID = "\IDKCPPPT"
Change component parameters. Clean all parameters for all variants
Change component parameters: Designator = "R8"; Footprint = "R_0805"; UniqueID = "\DWOGTBHI"
Change component parameters. Clean all parameters for all variants
Change component parameters: Designator = "R11"; Footprint = "R_0805"; UniqueID = "\SVCLGWGQ"
Change component parameters. Clean all parameters for all variants
Added Component: Designator=U4(SOP65P640X120-8N)
Add component. Clean all parameters for all variants
Added Pin To Net: NetName=NetC4_2 Pin=J4-4
Added Pin To Net: NetName=NetC6_1 Pin=R5-1
Added Pin To Net: NetName=+4.2 Pin=R5-2
Added Pin To Net: NetName=GND Pin=R8-1
Added Pin To Net: NetName=3.3V1 Pin=R8-2
Added Pin To Net: NetName=VCC Pin=R11-1
Added Pin To Net: NetName=GND Pin=R11-2
Added Pin To Net: NetName=NetC6_2 Pin=U4-2
Added Pin To Net: NetName=NetC6_2 Pin=U4-3
Added Pin To Net: NetName=NetU4_4 Pin=U4-4
Added Pin To Net: NetName=NetU4_5 Pin=U4-5
Added Pin To Net: NetName=GND Pin=U4-6
Added Pin To Net: NetName=GND Pin=U4-7
Added Pin To Net: NetName=3.3V1 Pin=U?-2
Change Net Name : Old Net Name=3.3V1 New Net Name=NetR8_2
Added Member To Class: ClassName=TFT-ES32-V1.1 Member=Component U4 FS8205A
Added Room: Name=TFT-ES32-V1.1
